<?xml version="1.0" encoding="UTF-8"?>
<!-- Generated by org.testng.reporters.JUnitXMLReporter -->
<testsuite ignored="0" hostname="LAPTOP-3G1IFM13" failures="0" tests="7" name="API - Notes API Tests" time="14.381" errors="0" timestamp="2026-05-29T23:58:05 IST">
  <testcase classname="tests.api.ApiTest" name="verifyGetNotesReturnsNotesList" time="1.2"/>
  <testcase classname="tests.api.ApiTest" name="verifyGetNotesResponseStructure" time="1.247"/>
  <testcase classname="tests.api.ApiTest" name="verifySuccessfulNoteDeletion" time="1.611"/>
  <testcase classname="tests.api.ApiTest" name="verifyDeletionOfNonExistingNote" time="0.471"/>
  <testcase classname="tests.api.ApiTest" name="verifyGetNotesResponseTime" time="0.486"/>
  <testcase classname="tests.api.ApiTest" name="verifyApiStabilityForMultipleRequests" time="3.17"/>
  <testcase classname="tests.api.ApiTest" name="verifyApiWithInvalidToken" time="0.557"/>
</testsuite> <!-- API - Notes API Tests -->
