<?xml version="1.0" encoding="UTF-8"?>
<!-- Generated by org.testng.reporters.JUnitXMLReporter -->
<testsuite ignored="0" hostname="LAPTOP-3G1IFM13" failures="0" tests="4" name="E2E - Hybrid Tests" time="90.612" errors="0" timestamp="2026-05-29T23:00:54 IST">
  <testcase classname="tests.e2e.Hybridtest" name="verifyUICreatedNoteAppearsInAPI" time="31.446"/>
  <testcase classname="tests.e2e.Hybridtest" name="verifyUIAndAPIDetailsMatch" time="12.434"/>
  <testcase classname="tests.e2e.Hybridtest" name="verifyAPIDeletedNoteDisappearsFromUI" time="18.108"/>
  <testcase classname="tests.e2e.Hybridtest" name="verifyDeletedNoteCannotBeAccessed" time="4.946"/>
</testsuite> <!-- E2E - Hybrid Tests -->
