<?xml version="1.0" encoding="UTF-8"?>
<!-- Generated by org.testng.reporters.JUnitXMLReporter -->
<testsuite ignored="0" hostname="LAPTOP-3G1IFM13" failures="0" tests="4" name="E2E - Hybrid Tests" time="105.209" errors="0" timestamp="2026-05-29T23:59:50 IST">
  <testcase classname="tests.e2e.Hybridtest" name="verifyUICreatedNoteAppearsInAPI" time="28.677"/>
  <testcase classname="tests.e2e.Hybridtest" name="verifyUIAndAPIDetailsMatch" time="13.011"/>
  <testcase classname="tests.e2e.Hybridtest" name="verifyAPIDeletedNoteDisappearsFromUI" time="16.261"/>
  <testcase classname="tests.e2e.Hybridtest" name="verifyDeletedNoteCannotBeAccessed" time="24.252"/>
</testsuite> <!-- E2E - Hybrid Tests -->
