<?xml version="1.0" encoding="UTF-8"?>
<!-- Generated by org.testng.reporters.JUnitXMLReporter -->
<testsuite ignored="0" hostname="LAPTOP-3G1IFM13" failures="0" tests="7" name="UI - Note Creation Tests" time="237.636" errors="0" timestamp="2026-05-29T22:59:42 IST">
  <testcase classname="tests.ui.NoteCreationTest" name="verifySuccessfulNoteCreation" time="37.598"/>
  <testcase classname="tests.ui.NoteCreationTest" name="verifyNoteCreationWithSpecialCharacters" time="45.358"/>
  <testcase classname="tests.ui.NoteCreationTest" name="verifyNoteCreationWithEmptyTitle" time="14.943"/>
  <testcase classname="tests.ui.NoteCreationTest" name="verifyNoteCreationWithEmptyDescription" time="23.634"/>
  <testcase classname="tests.ui.NoteCreationTest" name="verifyNoteAppearsAfterCreation" time="2.437">
    <skipped/>
  </testcase> <!-- verifyNoteAppearsAfterCreation -->
  <testcase classname="tests.ui.NoteCreationTest" name="verifyNoteAppearsAfterCreation" time="2.562">
    <skipped/>
  </testcase> <!-- verifyNoteAppearsAfterCreation -->
  <testcase classname="tests.ui.NoteCreationTest" name="verifyNoteAppearsAfterCreation" time="3.092"/>
</testsuite> <!-- UI - Note Creation Tests -->
