<?xml version="1.0" encoding="UTF-8"?>
<!-- Generated by org.testng.reporters.JUnitXMLReporter -->
<testsuite ignored="0" hostname="LAPTOP-3G1IFM13" failures="1" tests="3" name="UI - Note Edit Tests" time="79.033" errors="0" timestamp="2026-05-29T23:57:43 IST">
  <testcase classname="tests.ui.NoteEditTest" name="verifyNoteAppearsInstantlyInUI" time="27.379"/>
  <testcase classname="tests.ui.NoteEditTest" name="verifyNoteEditFunctionality" time="19.087">
    <failure type="java.lang.AssertionError" message="TC-10 FAILED: Updated description not reflected in UI. expected [true] but found [false]">
      <![CDATA[java.lang.AssertionError: TC-10 FAILED: Updated description not reflected in UI. expected [true] but found [false]
at tests.ui.NoteEditTest.verifyNoteEditFunctionality(NoteEditTest.java:91)
at java.base/java.util.ArrayList.forEach(ArrayList.java:1596)
at java.base/java.util.concurrent.FutureTask.run(FutureTask.java:317)
at java.base/java.util.concurrent.ThreadPoolExecutor.runWorker(ThreadPoolExecutor.java:1144)
at java.base/java.util.concurrent.ThreadPoolExecutor$Worker.run(ThreadPoolExecutor.java:642)
at java.base/java.lang.Thread.run(Thread.java:1583)
... Removed 18 stack frames]]>
    </failure>
  </testcase> <!-- verifyNoteEditFunctionality -->
  <testcase classname="tests.ui.NoteEditTest" name="verifyEditedNotePersistsAfterRefresh" time="15.582"/>
</testsuite> <!-- UI - Note Edit Tests -->
