<?xml version="1.0" encoding="UTF-8"?>
<!-- Generated by org.testng.reporters.JUnitXMLReporter -->
<testsuite ignored="0" hostname="LAPTOP-3G1IFM13" failures="0" tests="9" name="UI - Note Creation Tests" time="173.728" errors="0" timestamp="2026-05-29T23:58:54 IST">
  <testcase classname="tests.ui.NoteCreationTest" name="verifySuccessfulNoteCreation" time="26.42"/>
  <testcase classname="tests.ui.NoteCreationTest" name="verifyNoteCreationWithSpecialCharacters" time="2.243">
    <skipped/>
  </testcase> <!-- verifyNoteCreationWithSpecialCharacters -->
  <testcase classname="tests.ui.NoteCreationTest" name="verifyNoteCreationWithSpecialCharacters" time="17.652"/>
  <testcase classname="tests.ui.NoteCreationTest" name="verifyNoteCreationWithEmptyTitle" time="2.204">
    <skipped/>
  </testcase> <!-- verifyNoteCreationWithEmptyTitle -->
  <testcase classname="tests.ui.NoteCreationTest" name="verifyNoteCreationWithEmptyTitle" time="2.795">
    <skipped/>
  </testcase> <!-- verifyNoteCreationWithEmptyTitle -->
  <testcase classname="tests.ui.NoteCreationTest" name="verifyNoteCreationWithEmptyTitle" time="13.895"/>
  <testcase classname="tests.ui.NoteCreationTest" name="verifyNoteCreationWithEmptyDescription" time="3.164">
    <skipped/>
  </testcase> <!-- verifyNoteCreationWithEmptyDescription -->
  <testcase classname="tests.ui.NoteCreationTest" name="verifyNoteCreationWithEmptyDescription" time="24.464"/>
  <testcase classname="tests.ui.NoteCreationTest" name="verifyNoteAppearsAfterCreation" time="2.97"/>
</testsuite> <!-- UI - Note Creation Tests -->
