<?xml version="1.0" encoding="UTF-8"?>
<!-- Generated by org.testng.reporters.JUnitXMLReporter -->
<testsuite ignored="0" hostname="LAPTOP-3G1IFM13" failures="0" tests="4" name="UI - Login Tests" time="24.173" errors="0" timestamp="2026-05-29T23:56:24 IST">
  <testcase classname="tests.ui.LoginTest" name="verifyLoginFunctionality" time="1.03"/>
  <testcase classname="tests.ui.LoginTest" name="verifyLoginFunctionality" time="0.457"/>
  <testcase classname="tests.ui.LoginTest" name="verifyLoginFunctionality" time="0.209"/>
  <testcase classname="tests.ui.LoginTest" name="verifyLoginFunctionality" time="0.377"/>
</testsuite> <!-- UI - Login Tests -->
