<?xml version="1.0" encoding="UTF-8"?>
<!-- Generated by org.testng.reporters.JUnitXMLReporter -->
<testsuite ignored="0" hostname="LAPTOP-3G1IFM13" failures="0" tests="4" name="UI - Login Tests" time="59.9" errors="0" timestamp="2026-05-29T22:56:45 IST">
  <testcase classname="tests.ui.LoginTest" name="verifyLoginFunctionality" time="1.253"/>
  <testcase classname="tests.ui.LoginTest" name="verifyLoginFunctionality" time="0.416"/>
  <testcase classname="tests.ui.LoginTest" name="verifyLoginFunctionality" time="1.189"/>
  <testcase classname="tests.ui.LoginTest" name="verifyLoginFunctionality" time="0.481"/>
</testsuite> <!-- UI - Login Tests -->
