<?xml version="1.0" encoding="UTF-8"?>
<testsuite xmlns:xsi="http://www.w3.org/2001/XMLSchema-instance" xsi:noNamespaceSchemaLocation="https://maven.apache.org/surefire/maven-surefire-plugin/xsd/surefire-test-report-3.0.xsd" version="3.0" name="TestSuite" time="231.774" tests="28" errors="0" skipped="4" failures="1">
  <properties>
[...]
</properties>
  <testcase name="verifyLoginFunctionality[an@gmail.com, 123456, pass](1)" classname="tests.ui.LoginTest" time="1.044">
    <system-out><![CDATA[[PERF] Login Page | Navigation: 3419ms | DOM Ready: 1600ms ✓ OK
[PERF] Login Page | Navigation: 3490ms | DOM Ready: 1619ms ✓ OK
Executing Test
Email : an@gmail.com
entered password
entered password
Login Successful
[PERF] Dashboard After Login | Navigation: 3419ms | DOM Ready: 1600ms ✓ OK
Logged out successfully
TEST PASSED: verifyLoginFunctionality
]]></system-out>
    <system-err><![CDATA[SLF4J(W): No SLF4J providers were found.
SLF4J(W): Defaulting to no-operation (NOP) logger implementation
SLF4J(W): See https://www.slf4j.org/codes.html#noProviders for further details.
ERROR StatusLogger Log4j2 could not find a logging implementation. Please add log4j-core to the classpath. Using SimpleLogger to log to the console...
May 29, 2026 11:56:04 PM org.openqa.selenium.devtools.CdpVersionFinder findNearestMatch
WARNING: Unable to find CDP implementation matching 148
May 29, 2026 11:56:04 PM org.openqa.selenium.devtools.CdpVersionFinder findNearestMatch
WARNING: Unable to find CDP implementation matching 148
May 29, 2026 11:56:04 PM org.openqa.selenium.chromium.ChromiumDriver lambda$new$5
WARNING: Unable to find version of CDP to use for 148.0.7778.179. You may need to include a dependency on a specific version of the CDP using something similar to `org.seleniumhq.selenium:selenium-devtools-v86:4.21.0` where the version ("v86") matches the version of the chromium-based browser you're using and the version number of the artifact is the same as Selenium's.
May 29, 2026 11:56:04 PM org.openqa.selenium.chromium.ChromiumDriver lambda$new$5
WARNING: Unable to find version of CDP to use for 148.0.7778.179. You may need to include a dependency on a specific version of the CDP using something similar to `org.seleniumhq.selenium:selenium-devtools-v86:4.21.0` where the version ("v86") matches the version of the chromium-based browser you're using and the version number of the artifact is the same as Selenium's.
]]></system-err>
  </testcase>
  <testcase name="verifyLoginFunctionality[an@gmail.com, jbubouuho, fail](2)" classname="tests.ui.LoginTest" time="0.46">
    <system-out><![CDATA[[SELF-HEAL] Primary locator worked: By.cssSelector: [data-testid='add-new-note']
Normal click failed. Using JS click.
[PERF] Login Page | Navigation: -1780079170257ms | DOM Ready: 1506ms ✓ OK
Executing Test
Email : an@gmail.com
entered password
Negative login validated
TEST PASSED: verifyLoginFunctionality
]]></system-out>
    <system-err><![CDATA[May 29, 2026 11:56:10 PM org.openqa.selenium.devtools.CdpVersionFinder findNearestMatch
WARNING: Unable to find CDP implementation matching 148
May 29, 2026 11:56:10 PM org.openqa.selenium.chromium.ChromiumDriver lambda$new$5
WARNING: Unable to find version of CDP to use for 148.0.7778.179. You may need to include a dependency on a specific version of the CDP using something similar to `org.seleniumhq.selenium:selenium-devtools-v86:4.21.0` where the version ("v86") matches the version of the chromium-based browser you're using and the version number of the artifact is the same as Selenium's.
]]></system-err>
  </testcase>
  <testcase name="verifyLoginFunctionality[, , fail](3)" classname="tests.ui.LoginTest" time="0.213">
    <system-out><![CDATA[[PERF] Login Page | Navigation: 3471ms | DOM Ready: 1435ms ✓ OK
Executing Test
Email : 
entered password
Negative login validated
TEST PASSED: verifyLoginFunctionality
]]></system-out>
    <system-err><![CDATA[May 29, 2026 11:56:15 PM org.openqa.selenium.devtools.CdpVersionFinder findNearestMatch
WARNING: Unable to find CDP implementation matching 148
May 29, 2026 11:56:15 PM org.openqa.selenium.chromium.ChromiumDriver lambda$new$5
WARNING: Unable to find version of CDP to use for 148.0.7778.179. You may need to include a dependency on a specific version of the CDP using something similar to `org.seleniumhq.selenium:selenium-devtools-v86:4.21.0` where the version ("v86") matches the version of the chromium-based browser you're using and the version number of the artifact is the same as Selenium's.
]]></system-err>
  </testcase>
  <testcase name="verifyLoginFunctionality[invalidemail, SuperSecretPassword!, fail](4)" classname="tests.ui.LoginTest" time="0.377">
    <system-out><![CDATA[[PERF] Login Page | Navigation: 3698ms | DOM Ready: 1646ms ✓ OK
Executing Test
Email : invalidemail
entered password
Negative login validated
TEST PASSED: verifyLoginFunctionality
]]></system-out>
    <system-err><![CDATA[May 29, 2026 11:56:20 PM org.openqa.selenium.devtools.CdpVersionFinder findNearestMatch
WARNING: Unable to find CDP implementation matching 148
May 29, 2026 11:56:20 PM org.openqa.selenium.chromium.ChromiumDriver lambda$new$5
WARNING: Unable to find version of CDP to use for 148.0.7778.179. You may need to include a dependency on a specific version of the CDP using something similar to `org.seleniumhq.selenium:selenium-devtools-v86:4.21.0` where the version ("v86") matches the version of the chromium-based browser you're using and the version number of the artifact is the same as Selenium's.
]]></system-err>
  </testcase>
  <testcase name="verifySuccessfulNoteCreation" classname="tests.ui.NoteCreationTest" time="5.022">
    <system-out><![CDATA[[PERF] Login Page | Navigation: -1780079185688ms | DOM Ready: 1818ms ✓ OK
entered password
[SELF-HEAL] Primary locator worked: By.cssSelector: [data-testid='add-new-note']
Normal click failed. Using JS click.
TC-05 PASSED: Note created — TC-05 Test Note_1780079168104
TEST PASSED: verifySuccessfulNoteCreation
]]></system-out>
    <system-err><![CDATA[May 29, 2026 11:56:25 PM org.openqa.selenium.devtools.CdpVersionFinder findNearestMatch
WARNING: Unable to find CDP implementation matching 148
May 29, 2026 11:56:25 PM org.openqa.selenium.chromium.ChromiumDriver lambda$new$5
WARNING: Unable to find version of CDP to use for 148.0.7778.179. You may need to include a dependency on a specific version of the CDP using something similar to `org.seleniumhq.selenium:selenium-devtools-v86:4.21.0` where the version ("v86") matches the version of the chromium-based browser you're using and the version number of the artifact is the same as Selenium's.
]]></system-err>
  </testcase>
  <testcase name="verifyNoteCreationWithSpecialCharacters" classname="tests.ui.NoteCreationTest" time="0.0">
    <skipped message="element click intercepted: Element &lt;button class=&quot;btn btn-primary mt-3 mt-lg-0&quot; data-testid=&quot;add-new-note&quot;&gt;...&lt;/button&gt; is not clickable at point (1129, 32). Other element would receive the click: &lt;a class=&quot;btn btn-sut d-lg-inline-block my-2 my-md-0 ms-md-3&quot; href=&quot;https://istqb.expandtesting.com/&quot;&gt;...&lt;/a&gt;&#10;  (Session info: chrome=148.0.7778.179)&#10;Build info: version: &apos;4.21.0&apos;, revision: &apos;79ed462ef4&apos;&#10;System info: os.name: &apos;Windows 11&apos;, os.arch: &apos;amd64&apos;, os.version: &apos;10.0&apos;, java.version: &apos;21.0.10&apos;&#10;Driver info: org.openqa.selenium.chrome.ChromeDriver&#10;Command: [eae97de490cf5778751e9518a1428112, clickElement {id=f.CC4CA5409BE48E628A386BDF816E9C0E.d.6ADADC33E568F004754F381D10A0E797.e.48}]&#10;Capabilities {acceptInsecureCerts: false, browserName: chrome, browserVersion: 148.0.7778.179, chrome: {chromedriverVersion: 148.0.7778.178 (d096af1c9e9..., userDataDir: C:\Users\aditi\AppData\Loca...}, fedcm:accounts: true, goog:chromeOptions: {debuggerAddress: localhost:52193}, goog:processID: 31212, networkConnectionEnabled: false, pageLoadStrategy: normal, platformName: windows, proxy: Proxy(), se:cdp: ws://localhost:52193/devtoo..., se:cdpVersion: 148.0.7778.179, setWindowRect: true, strictFileInteractability: false, timeouts: {implicit: 0, pageLoad: 300000, script: 30000}, unhandledPromptBehavior: dismiss and notify, webauthn:extension:credBlob: true, webauthn:extension:largeBlob: true, webauthn:extension:minPinLength: true, webauthn:extension:prf: true, webauthn:virtualAuthenticators: true}&#10;Element: [[ChromeDriver: chrome on windows (eae97de490cf5778751e9518a1428112)] -&gt; css selector: [data-testid=&apos;add-new-note&apos;]]&#10;Session ID: eae97de490cf5778751e9518a1428112"/>
    <system-out><![CDATA[[PERF] Login Page | Navigation: -1780079196220ms | DOM Ready: 1458ms ✓ OK
entered password
[PERF] Dashboard After Login | Navigation: 3437ms | DOM Ready: 1458ms ✓ OK
[SELF-HEAL] Primary locator worked: By.cssSelector: [data-testid='add-new-note']
[RETRY] Flaky failure detected — retrying test: verifyNoteCreationWithSpecialCharacters (Attempt 1 of 2)
[RETRY] Ad/iframe interference detected — restarting browser for clean retry...
[RETRY] Browser restarted successfully.
TEST SKIPPED: verifyNoteCreationWithSpecialCharacters
]]></system-out>
    <system-err><![CDATA[May 29, 2026 11:56:36 PM org.openqa.selenium.devtools.CdpVersionFinder findNearestMatch
WARNING: Unable to find CDP implementation matching 148
May 29, 2026 11:56:36 PM org.openqa.selenium.chromium.ChromiumDriver lambda$new$5
WARNING: Unable to find version of CDP to use for 148.0.7778.179. You may need to include a dependency on a specific version of the CDP using something similar to `org.seleniumhq.selenium:selenium-devtools-v86:4.21.0` where the version ("v86") matches the version of the chromium-based browser you're using and the version number of the artifact is the same as Selenium's.
May 29, 2026 11:56:44 PM org.openqa.selenium.devtools.CdpVersionFinder findNearestMatch
WARNING: Unable to find CDP implementation matching 148
May 29, 2026 11:56:44 PM org.openqa.selenium.chromium.ChromiumDriver lambda$new$5
WARNING: Unable to find version of CDP to use for 148.0.7778.179. You may need to include a dependency on a specific version of the CDP using something similar to `org.seleniumhq.selenium:selenium-devtools-v86:4.21.0` where the version ("v86") matches the version of the chromium-based browser you're using and the version number of the artifact is the same as Selenium's.
]]></system-err>
  </testcase>
  <testcase name="verifyNoteCreationWithSpecialCharacters" classname="tests.ui.NoteCreationTest" time="9.088">
    <system-out><![CDATA[[PERF] Login Page | Navigation: 3379ms | DOM Ready: 1302ms ✓ OK
entered password
TC-06 PASSED: Note with special characters created — TC-06 Special !@#$%^&*()
TEST PASSED: verifyNoteCreationWithSpecialCharacters
]]></system-out>
    <system-err><![CDATA[May 29, 2026 11:56:58 PM org.openqa.selenium.devtools.CdpVersionFinder findNearestMatch
WARNING: Unable to find CDP implementation matching 148
May 29, 2026 11:56:58 PM org.openqa.selenium.chromium.ChromiumDriver lambda$new$5
WARNING: Unable to find version of CDP to use for 148.0.7778.179. You may need to include a dependency on a specific version of the CDP using something similar to `org.seleniumhq.selenium:selenium-devtools-v86:4.21.0` where the version ("v86") matches the version of the chromium-based browser you're using and the version number of the artifact is the same as Selenium's.
]]></system-err>
  </testcase>
  <testcase name="verifyNoteCreationWithEmptyTitle" classname="tests.ui.NoteCreationTest" time="0.0">
    <skipped message="element click intercepted: Element &lt;button class=&quot;btn btn-primary mt-3 mt-lg-0&quot; data-testid=&quot;add-new-note&quot;&gt;...&lt;/button&gt; is not clickable at point (1129, 34). Other element would receive the click: &lt;a class=&quot;btn btn-sut d-lg-inline-block my-2 my-md-0 ms-md-3&quot; href=&quot;https://istqb.expandtesting.com/&quot;&gt;...&lt;/a&gt;&#10;  (Session info: chrome=148.0.7778.179)&#10;Build info: version: &apos;4.21.0&apos;, revision: &apos;79ed462ef4&apos;&#10;System info: os.name: &apos;Windows 11&apos;, os.arch: &apos;amd64&apos;, os.version: &apos;10.0&apos;, java.version: &apos;21.0.10&apos;&#10;Driver info: org.openqa.selenium.chrome.ChromeDriver&#10;Command: [58cd1d28cda4fd19cf077dfab259d5e7, clickElement {id=f.3970E9E98AD24F6E01B0917B693CDC0B.d.87C6439957477DA87054D42BEE99CE7D.e.37}]&#10;Capabilities {acceptInsecureCerts: false, browserName: chrome, browserVersion: 148.0.7778.179, chrome: {chromedriverVersion: 148.0.7778.178 (d096af1c9e9..., userDataDir: C:\Users\aditi\AppData\Loca...}, fedcm:accounts: true, goog:chromeOptions: {debuggerAddress: localhost:57362}, goog:processID: 17364, networkConnectionEnabled: false, pageLoadStrategy: normal, platformName: windows, proxy: Proxy(), se:cdp: ws://localhost:57362/devtoo..., se:cdpVersion: 148.0.7778.179, setWindowRect: true, strictFileInteractability: false, timeouts: {implicit: 0, pageLoad: 300000, script: 30000}, unhandledPromptBehavior: dismiss and notify, webauthn:extension:credBlob: true, webauthn:extension:largeBlob: true, webauthn:extension:minPinLength: true, webauthn:extension:prf: true, webauthn:virtualAuthenticators: true}&#10;Element: [[ChromeDriver: chrome on windows (58cd1d28cda4fd19cf077dfab259d5e7)] -&gt; css selector: [data-testid=&apos;add-new-note&apos;]]&#10;Session ID: 58cd1d28cda4fd19cf077dfab259d5e7"/>
    <system-out><![CDATA[[RETRY] Browser restarted successfully.
TEST SKIPPED: verifyNoteCreationWithEmptyTitle
]]></system-out>
    <system-err><![CDATA[May 29, 2026 11:57:22 PM org.openqa.selenium.devtools.CdpVersionFinder findNearestMatch
WARNING: Unable to find CDP implementation matching 148
May 29, 2026 11:57:22 PM org.openqa.selenium.chromium.ChromiumDriver lambda$new$5
WARNING: Unable to find version of CDP to use for 148.0.7778.179. You may need to include a dependency on a specific version of the CDP using something similar to `org.seleniumhq.selenium:selenium-devtools-v86:4.21.0` where the version ("v86") matches the version of the chromium-based browser you're using and the version number of the artifact is the same as Selenium's.
]]></system-err>
  </testcase>
  <testcase name="verifyNoteCreationWithEmptyTitle" classname="tests.ui.NoteCreationTest" time="0.0">
    <skipped message="element click intercepted: Element &lt;button class=&quot;btn btn-primary mt-3 mt-lg-0&quot; data-testid=&quot;add-new-note&quot;&gt;...&lt;/button&gt; is not clickable at point (1129, 32). Other element would receive the click: &lt;a class=&quot;btn btn-sut d-lg-inline-block my-2 my-md-0 ms-md-3&quot; href=&quot;https://istqb.expandtesting.com/&quot;&gt;...&lt;/a&gt;&#10;  (Session info: chrome=148.0.7778.179)&#10;Build info: version: &apos;4.21.0&apos;, revision: &apos;79ed462ef4&apos;&#10;System info: os.name: &apos;Windows 11&apos;, os.arch: &apos;amd64&apos;, os.version: &apos;10.0&apos;, java.version: &apos;21.0.10&apos;&#10;Driver info: org.openqa.selenium.chrome.ChromeDriver&#10;Command: [d040837f31a2d6c040f3b56e0b4a9ae5, clickElement {id=f.9A1FCA21C2BD74C154D5F153C6E937C5.d.C2C6601A1E79B944F0A3DAF6EAB929BE.e.48}]&#10;Capabilities {acceptInsecureCerts: false, browserName: chrome, browserVersion: 148.0.7778.179, chrome: {chromedriverVersion: 148.0.7778.178 (d096af1c9e9..., userDataDir: C:\Users\aditi\AppData\Loca...}, fedcm:accounts: true, goog:chromeOptions: {debuggerAddress: localhost:60908}, goog:processID: 8072, networkConnectionEnabled: false, pageLoadStrategy: normal, platformName: windows, proxy: Proxy(), se:cdp: ws://localhost:60908/devtoo..., se:cdpVersion: 148.0.7778.179, setWindowRect: true, strictFileInteractability: false, timeouts: {implicit: 0, pageLoad: 300000, script: 30000}, unhandledPromptBehavior: dismiss and notify, webauthn:extension:credBlob: true, webauthn:extension:largeBlob: true, webauthn:extension:minPinLength: true, webauthn:extension:prf: true, webauthn:virtualAuthenticators: true}&#10;Element: [[ChromeDriver: chrome on windows (d040837f31a2d6c040f3b56e0b4a9ae5)] -&gt; css selector: [data-testid=&apos;add-new-note&apos;]]&#10;Session ID: d040837f31a2d6c040f3b56e0b4a9ae5"/>
    <system-out><![CDATA[[PERF] Login Page | Navigation: 5418ms | DOM Ready: 1852ms ⚠ SLOW
entered password
[PERF] Login Page | Navigation: 3738ms | DOM Ready: 1608ms ✓ OK
entered password
[PERF] Dashboard After Login | Navigation: 3738ms | DOM Ready: 1608ms ✓ OK
[SELF-HEAL] Primary locator worked: By.cssSelector: [data-testid='add-new-note']
[RETRY] Flaky failure detected — retrying test: verifyNoteCreationWithEmptyTitle (Attempt 2 of 2)
[RETRY] Ad/iframe interference detected — restarting browser for clean retry...
[RETRY] Browser restarted successfully.
TEST SKIPPED: verifyNoteCreationWithEmptyTitle
]]></system-out>
    <system-err><![CDATA[May 29, 2026 11:57:26 PM org.openqa.selenium.devtools.CdpVersionFinder findNearestMatch
WARNING: Unable to find CDP implementation matching 148
May 29, 2026 11:57:26 PM org.openqa.selenium.chromium.ChromiumDriver lambda$new$5
WARNING: Unable to find version of CDP to use for 148.0.7778.179. You may need to include a dependency on a specific version of the CDP using something similar to `org.seleniumhq.selenium:selenium-devtools-v86:4.21.0` where the version ("v86") matches the version of the chromium-based browser you're using and the version number of the artifact is the same as Selenium's.
May 29, 2026 11:57:36 PM org.openqa.selenium.devtools.CdpVersionFinder findNearestMatch
WARNING: Unable to find CDP implementation matching 148
May 29, 2026 11:57:36 PM org.openqa.selenium.chromium.ChromiumDriver lambda$new$5
WARNING: Unable to find version of CDP to use for 148.0.7778.179. You may need to include a dependency on a specific version of the CDP using something similar to `org.seleniumhq.selenium:selenium-devtools-v86:4.21.0` where the version ("v86") matches the version of the chromium-based browser you're using and the version number of the artifact is the same as Selenium's.
]]></system-err>
  </testcase>
  <testcase name="verifyNoteCreationWithEmptyTitle" classname="tests.ui.NoteCreationTest" time="0.009">
    <system-out><![CDATA[TC-07 PASSED: Validation shown, note not created.
TEST PASSED: verifyNoteCreationWithEmptyTitle
]]></system-out>
  </testcase>
  <testcase name="verifyNoteCreationWithEmptyDescription" classname="tests.ui.NoteCreationTest" time="0.0">
    <skipped message="element click intercepted: Element &lt;button class=&quot;btn btn-primary mt-3 mt-lg-0&quot; data-testid=&quot;add-new-note&quot;&gt;...&lt;/button&gt; is not clickable at point (1129, 58). Other element would receive the click: &lt;div class=&quot;navbar-collapse collapse&quot; id=&quot;main-navbar&quot;&gt;...&lt;/div&gt;&#10;  (Session info: chrome=148.0.7778.179)&#10;Build info: version: &apos;4.21.0&apos;, revision: &apos;79ed462ef4&apos;&#10;System info: os.name: &apos;Windows 11&apos;, os.arch: &apos;amd64&apos;, os.version: &apos;10.0&apos;, java.version: &apos;21.0.10&apos;&#10;Driver info: org.openqa.selenium.chrome.ChromeDriver&#10;Command: [a60a5098a1e92faff246a01c26546ed8, clickElement {id=f.365D4D73B0B486BD2034B33388DFAFE3.d.49D7B403D0E5F62143295106BA099DEB.e.48}]&#10;Capabilities {acceptInsecureCerts: false, browserName: chrome, browserVersion: 148.0.7778.179, chrome: {chromedriverVersion: 148.0.7778.178 (d096af1c9e9..., userDataDir: C:\Users\aditi\AppData\Loca...}, fedcm:accounts: true, goog:chromeOptions: {debuggerAddress: localhost:57481}, goog:processID: 6300, networkConnectionEnabled: false, pageLoadStrategy: normal, platformName: windows, proxy: Proxy(), se:cdp: ws://localhost:57481/devtoo..., se:cdpVersion: 148.0.7778.179, setWindowRect: true, strictFileInteractability: false, timeouts: {implicit: 0, pageLoad: 300000, script: 30000}, unhandledPromptBehavior: dismiss and notify, webauthn:extension:credBlob: true, webauthn:extension:largeBlob: true, webauthn:extension:minPinLength: true, webauthn:extension:prf: true, webauthn:virtualAuthenticators: true}&#10;Element: [[ChromeDriver: chrome on windows (a60a5098a1e92faff246a01c26546ed8)] -&gt; css selector: [data-testid=&apos;add-new-note&apos;]]&#10;Session ID: a60a5098a1e92faff246a01c26546ed8"/>
    <system-out><![CDATA[Hybrid Login Status: 200
Hybrid Login Response:
{
    "success": true,
    "status": 200,
    "message": "Login successful",
    "data": {
        "id": "6a17161051ccbd0297d32d47",
        "name": "ADIN",
        "email": "aan@gmail.com",
        "token": "239bae2b31f24966875fc98302e21bad3ec4140671f34d81a95f35ccbc8ec882"
    }
}
Hybrid API Token: 239bae2b31f24966875fc98302e21bad3ec4140671f34d81a95f35ccbc8ec882
[PERF] Login Page | Navigation: 3689ms | DOM Ready: 1664ms ✓ OK
entered password
[PERF] Dashboard After Login | Navigation: 3689ms | DOM Ready: 1664ms ✓ OK
[SELF-HEAL] Primary locator worked: By.cssSelector: [data-testid='add-new-note']
[RETRY] Flaky failure detected — retrying test: verifyNoteCreationWithEmptyDescription (Attempt 1 of 2)
[RETRY] Ad/iframe interference detected — restarting browser for clean retry...
[PERF] Login Page | Navigation: 4355ms | DOM Ready: 2306ms ✓ OK
entered password
[SELF-HEAL] Primary locator worked: By.cssSelector: [data-testid='add-new-note']
Normal click failed. Using JS click.
[RETRY] Browser restarted successfully.
TEST SKIPPED: verifyNoteCreationWithEmptyDescription
]]></system-out>
    <system-err><![CDATA[May 29, 2026 11:58:06 PM org.openqa.selenium.devtools.CdpVersionFinder findNearestMatch
WARNING: Unable to find CDP implementation matching 148
May 29, 2026 11:58:06 PM org.openqa.selenium.chromium.ChromiumDriver lambda$new$5
WARNING: Unable to find version of CDP to use for 148.0.7778.179. You may need to include a dependency on a specific version of the CDP using something similar to `org.seleniumhq.selenium:selenium-devtools-v86:4.21.0` where the version ("v86") matches the version of the chromium-based browser you're using and the version number of the artifact is the same as Selenium's.
May 29, 2026 11:58:12 PM org.openqa.selenium.devtools.CdpVersionFinder findNearestMatch
WARNING: Unable to find CDP implementation matching 148
May 29, 2026 11:58:12 PM org.openqa.selenium.chromium.ChromiumDriver lambda$new$5
WARNING: Unable to find version of CDP to use for 148.0.7778.179. You may need to include a dependency on a specific version of the CDP using something similar to `org.seleniumhq.selenium:selenium-devtools-v86:4.21.0` where the version ("v86") matches the version of the chromium-based browser you're using and the version number of the artifact is the same as Selenium's.
]]></system-err>
  </testcase>
  <testcase name="verifyNoteCreationWithEmptyDescription" classname="tests.ui.NoteCreationTest" time="24.466">
    <system-out><![CDATA[TC-08 PASSED: Validation shown, note not created.
TEST PASSED: verifyNoteCreationWithEmptyDescription
]]></system-out>
    <system-err><![CDATA[May 29, 2026 11:58:40 PM org.openqa.selenium.devtools.CdpVersionFinder findNearestMatch
WARNING: Unable to find CDP implementation matching 148
May 29, 2026 11:58:40 PM org.openqa.selenium.chromium.ChromiumDriver lambda$new$5
WARNING: Unable to find version of CDP to use for 148.0.7778.179. You may need to include a dependency on a specific version of the CDP using something similar to `org.seleniumhq.selenium:selenium-devtools-v86:4.21.0` where the version ("v86") matches the version of the chromium-based browser you're using and the version number of the artifact is the same as Selenium's.
]]></system-err>
  </testcase>
  <testcase name="verifyNoteAppearsAfterCreation" classname="tests.ui.NoteCreationTest" time="2.976">
    <system-out><![CDATA[[PERF] Login Page | Navigation: 5913ms | DOM Ready: 2713ms ⚠ SLOW
entered password
[PERF] Login Page | Navigation: 3561ms | DOM Ready: 1449ms ✓ OK
entered password
[PERF] Dashboard After Login | Navigation: 3561ms | DOM Ready: 1449ms ✓ OK
[SELF-HEAL] Primary locator worked: By.cssSelector: [data-testid='add-new-note']
Normal click failed. Using JS click.
TC-09 PASSED: Newly created note became visible after creation.
OBSERVATION: UI takes around 1 second to refresh and display note.
TEST PASSED: verifyNoteAppearsAfterCreation
]]></system-out>
    <system-err><![CDATA[May 29, 2026 11:58:47 PM org.openqa.selenium.devtools.CdpVersionFinder findNearestMatch
WARNING: Unable to find CDP implementation matching 148
May 29, 2026 11:58:47 PM org.openqa.selenium.chromium.ChromiumDriver lambda$new$5
WARNING: Unable to find version of CDP to use for 148.0.7778.179. You may need to include a dependency on a specific version of the CDP using something similar to `org.seleniumhq.selenium:selenium-devtools-v86:4.21.0` where the version ("v86") matches the version of the chromium-based browser you're using and the version number of the artifact is the same as Selenium's.
]]></system-err>
  </testcase>
  <testcase name="verifyNoteAppearsInstantlyInUI" classname="tests.ui.NoteEditTest" time="3.573">
    <system-out><![CDATA[[PERF] Login Page | Navigation: 3832ms | DOM Ready: 1461ms ✓ OK
entered password
[PERF] Dashboard After Login | Navigation: 3832ms | DOM Ready: 1461ms ✓ OK
[SELF-HEAL] Primary locator worked: By.cssSelector: [data-testid='add-new-note']
Normal click failed. Using JS click.
TC-09 PASSED: Note appeared instantly — TC-05 Test Note
TEST PASSED: verifyNoteAppearsInstantlyInUI
]]></system-out>
    <system-err><![CDATA[May 29, 2026 11:56:49 PM org.openqa.selenium.devtools.CdpVersionFinder findNearestMatch
WARNING: Unable to find CDP implementation matching 148
May 29, 2026 11:56:49 PM org.openqa.selenium.chromium.ChromiumDriver lambda$new$5
WARNING: Unable to find version of CDP to use for 148.0.7778.179. You may need to include a dependency on a specific version of the CDP using something similar to `org.seleniumhq.selenium:selenium-devtools-v86:4.21.0` where the version ("v86") matches the version of the chromium-based browser you're using and the version number of the artifact is the same as Selenium's.
]]></system-err>
  </testcase>
  <testcase name="verifyNoteEditFunctionality" classname="tests.ui.NoteEditTest" time="5.964">
    <failure message="TC-10 FAILED: Updated description not reflected in UI. expected [true] but found [false]" type="java.lang.AssertionError"><![CDATA[java.lang.AssertionError: TC-10 FAILED: Updated description not reflected in UI. expected [true] but found [false]
	at org.testng.Assert.fail(Assert.java:111)
	at org.testng.Assert.failNotEquals(Assert.java:1578)
	at org.testng.Assert.assertTrue(Assert.java:57)
	at tests.ui.NoteEditTest.verifyNoteEditFunctionality(NoteEditTest.java:91)
	at java.base/jdk.internal.reflect.DirectMethodHandleAccessor.invoke(DirectMethodHandleAccessor.java:103)
	at java.base/java.lang.reflect.Method.invoke(Method.java:580)
	at org.testng.internal.invokers.MethodInvocationHelper.invokeMethod(MethodInvocationHelper.java:141)
	at org.testng.internal.invokers.TestInvoker.invokeMethod(TestInvoker.java:686)
	at org.testng.internal.invokers.TestInvoker.invokeTestMethod(TestInvoker.java:230)
	at org.testng.internal.invokers.MethodRunner.runInSequence(MethodRunner.java:63)
	at org.testng.internal.invokers.TestInvoker$MethodInvocationAgent.invoke(TestInvoker.java:992)
	at org.testng.internal.invokers.TestInvoker.invokeTestMethods(TestInvoker.java:203)
	at org.testng.internal.invokers.TestMethodWorker.invokeTestMethods(TestMethodWorker.java:154)
	at org.testng.internal.invokers.TestMethodWorker.run(TestMethodWorker.java:134)
	at java.base/java.util.ArrayList.forEach(ArrayList.java:1596)
	at org.testng.TestRunner.privateRun(TestRunner.java:739)
	at org.testng.TestRunner.run(TestRunner.java:614)
	at org.testng.SuiteRunner.runTest(SuiteRunner.java:421)
	at org.testng.SuiteRunner$SuiteWorker.run(SuiteRunner.java:463)
	at org.testng.internal.thread.ThreadUtil.lambda$execute$0(ThreadUtil.java:64)
	at java.base/java.util.concurrent.FutureTask.run(FutureTask.java:317)
	at java.base/java.util.concurrent.ThreadPoolExecutor.runWorker(ThreadPoolExecutor.java:1144)
	at java.base/java.util.concurrent.ThreadPoolExecutor$Worker.run(ThreadPoolExecutor.java:642)
	at java.base/java.lang.Thread.run(Thread.java:1583)
]]></failure>
    <system-out><![CDATA[[PERF] Login Page | Navigation: 3211ms | DOM Ready: 1369ms ✓ OK
entered password
[PERF] Dashboard After Login | Navigation: 3211ms | DOM Ready: 1369ms ✓ OK
[SELF-HEAL] Primary locator worked: By.cssSelector: [data-testid='add-new-note']
[RETRY] Flaky failure detected — retrying test: verifyNoteCreationWithEmptyTitle (Attempt 1 of 2)
[RETRY] Ad/iframe interference detected — restarting browser for clean retry...
[RETRY] Genuine failure — not retrying: verifyNoteEditFunctionality | Reason: TC-10 FAILED: Updated description not reflected in UI. expected [true] but found [false]
TEST FAILED: verifyNoteEditFunctionality
Screenshot attached to Allure.
]]></system-out>
    <system-err><![CDATA[May 29, 2026 11:57:11 PM org.openqa.selenium.devtools.CdpVersionFinder findNearestMatch
WARNING: Unable to find CDP implementation matching 148
May 29, 2026 11:57:11 PM org.openqa.selenium.chromium.ChromiumDriver lambda$new$5
WARNING: Unable to find version of CDP to use for 148.0.7778.179. You may need to include a dependency on a specific version of the CDP using something similar to `org.seleniumhq.selenium:selenium-devtools-v86:4.21.0` where the version ("v86") matches the version of the chromium-based browser you're using and the version number of the artifact is the same as Selenium's.
May 29, 2026 11:57:20 PM org.openqa.selenium.devtools.CdpVersionFinder findNearestMatch
WARNING: Unable to find CDP implementation matching 148
May 29, 2026 11:57:20 PM org.openqa.selenium.chromium.ChromiumDriver lambda$new$5
WARNING: Unable to find version of CDP to use for 148.0.7778.179. You may need to include a dependency on a specific version of the CDP using something similar to `org.seleniumhq.selenium:selenium-devtools-v86:4.21.0` where the version ("v86") matches the version of the chromium-based browser you're using and the version number of the artifact is the same as Selenium's.
]]></system-err>
  </testcase>
  <testcase name="verifyEditedNotePersistsAfterRefresh" classname="tests.ui.NoteEditTest" time="12.679">
    <system-out><![CDATA[TC-11 PASSED: Edited note persisted after refresh — Edited the description
TEST PASSED: verifyEditedNotePersistsAfterRefresh
]]></system-out>
    <system-err><![CDATA[May 29, 2026 11:57:42 PM org.openqa.selenium.devtools.CdpVersionFinder findNearestMatch
WARNING: Unable to find CDP implementation matching 148
May 29, 2026 11:57:42 PM org.openqa.selenium.chromium.ChromiumDriver lambda$new$5
WARNING: Unable to find version of CDP to use for 148.0.7778.179. You may need to include a dependency on a specific version of the CDP using something similar to `org.seleniumhq.selenium:selenium-devtools-v86:4.21.0` where the version ("v86") matches the version of the chromium-based browser you're using and the version number of the artifact is the same as Selenium's.
]]></system-err>
  </testcase>
  <testcase name="verifySaveWithoutChangesInEditMode" classname="tests.ui.NoteSearchAndEditTest" time="2.126">
    <system-out><![CDATA[[PERF] Login Page | Navigation: 4955ms | DOM Ready: 1491ms ✓ OK
entered password
[PERF] Dashboard After Login | Navigation: 4955ms | DOM Ready: 1491ms ✓ OK
[PERF] Login Page | Navigation: -1780079264824ms | DOM Ready: 1588ms ✓ OK
entered password
[SELF-HEAL] Primary locator worked: By.cssSelector: [data-testid='add-new-note']
STEP 1: Opened existing note in edit mode.
STEP 2: Save button enabled without modifications = true
STEP 3: Save button clicked without editing note.
Expected: Save button disabled OR validation/warning message displayed.
Actual: Save action executed and dashboard refreshed silently.
TC-24 PASSED (Observation Logged): Application allows save without modifications.
TEST PASSED: verifySaveWithoutChangesInEditMode
]]></system-out>
    <system-err><![CDATA[May 29, 2026 11:57:44 PM org.openqa.selenium.devtools.CdpVersionFinder findNearestMatch
WARNING: Unable to find CDP implementation matching 148
May 29, 2026 11:57:44 PM org.openqa.selenium.chromium.ChromiumDriver lambda$new$5
WARNING: Unable to find version of CDP to use for 148.0.7778.179. You may need to include a dependency on a specific version of the CDP using something similar to `org.seleniumhq.selenium:selenium-devtools-v86:4.21.0` where the version ("v86") matches the version of the chromium-based browser you're using and the version number of the artifact is the same as Selenium's.
]]></system-err>
  </testcase>
  <testcase name="verifyGetNotesReturnsNotesList" classname="tests.api.ApiTest" time="1.21">
    <system-out><![CDATA[Normal click failed. Using JS click.
Login Status Code : 200
Login Response : {"success":true,"status":200,"message":"Login successful","data":{"id":"6a17161051ccbd0297d32d47","name":"ADIN","email":"aan@gmail.com","token":"239bae2b31f24966875fc98302e21bad3ec4140671f34d81a95f35ccbc8ec882"}}
Generated Token : 239bae2b31f24966875fc98302e21bad3ec4140671f34d81a95f35ccbc8ec882
TC-12 PASSED : GET /notes returned successfully in 529 ms
TEST PASSED: verifyGetNotesReturnsNotesList
]]></system-out>
  </testcase>
  <testcase name="verifyGetNotesResponseStructure" classname="tests.api.ApiTest" time="1.249">
    <system-out><![CDATA[TC-13 PASSED : Response schema validated
TEST PASSED: verifyGetNotesResponseStructure
]]></system-out>
  </testcase>
  <testcase name="verifySuccessfulNoteDeletion" classname="tests.api.ApiTest" time="1.612">
    <system-out><![CDATA[Created Note ID : 6a19dab251ccbd0297d4aa56
TC-16 PASSED : Note deleted successfully
TEST PASSED: verifySuccessfulNoteDeletion
]]></system-out>
  </testcase>
  <testcase name="verifyDeletionOfNonExistingNote" classname="tests.api.ApiTest" time="0.476">
    <system-out><![CDATA[TC-17 PASSED : Proper error returned for invalid note ID
TEST PASSED: verifyDeletionOfNonExistingNote
]]></system-out>
  </testcase>
  <testcase name="verifyGetNotesResponseTime" classname="tests.api.ApiTest" time="0.486">
    <system-out><![CDATA[TC-20 PASSED : Response received in 471 ms
TEST PASSED: verifyGetNotesResponseTime
]]></system-out>
  </testcase>
  <testcase name="verifyApiStabilityForMultipleRequests" classname="tests.api.ApiTest" time="3.175">
    <system-out><![CDATA[Request 1 completed successfully in 512 ms
Request 2 completed successfully in 1161 ms
Request 3 completed successfully in 476 ms
Request 4 completed successfully in 511 ms
Request 5 completed successfully in 486 ms
TC-21 PASSED : API remained stable for multiple requests
TEST PASSED: verifyApiStabilityForMultipleRequests
]]></system-out>
    <system-err><![CDATA[May 29, 2026 11:58:02 PM org.openqa.selenium.devtools.CdpVersionFinder findNearestMatch
WARNING: Unable to find CDP implementation matching 148
May 29, 2026 11:58:02 PM org.openqa.selenium.chromium.ChromiumDriver lambda$new$5
WARNING: Unable to find version of CDP to use for 148.0.7778.179. You may need to include a dependency on a specific version of the CDP using something similar to `org.seleniumhq.selenium:selenium-devtools-v86:4.21.0` where the version ("v86") matches the version of the chromium-based browser you're using and the version number of the artifact is the same as Selenium's.
]]></system-err>
  </testcase>
  <testcase name="verifyApiWithInvalidToken" classname="tests.api.ApiTest" time="0.557">
    <system-out><![CDATA[TC-22 PASSED : Invalid token validation successful
Error Message : Access token is not valid or has expired, you will need to login
TEST PASSED: verifyApiWithInvalidToken
]]></system-out>
  </testcase>
  <testcase name="verifyUICreatedNoteAppearsInAPI" classname="tests.e2e.Hybridtest" time="18.166">
    <system-out><![CDATA[[PERF] Login Page | Navigation: 4252ms | DOM Ready: 1573ms ✓ OK
entered password
[PERF] Dashboard After Login | Navigation: 4252ms | DOM Ready: 1573ms ✓ OK
[SELF-HEAL] Primary locator worked: By.cssSelector: [data-testid='add-new-note']
Normal click failed. Using JS click.
TC-14: Note created in UI
TC-14 PASSED
TEST PASSED: verifyUICreatedNoteAppearsInAPI
]]></system-out>
    <system-err><![CDATA[May 29, 2026 11:58:17 PM org.openqa.selenium.devtools.CdpVersionFinder findNearestMatch
WARNING: Unable to find CDP implementation matching 148
May 29, 2026 11:58:17 PM org.openqa.selenium.chromium.ChromiumDriver lambda$new$5
WARNING: Unable to find version of CDP to use for 148.0.7778.179. You may need to include a dependency on a specific version of the CDP using something similar to `org.seleniumhq.selenium:selenium-devtools-v86:4.21.0` where the version ("v86") matches the version of the chromium-based browser you're using and the version number of the artifact is the same as Selenium's.
]]></system-err>
  </testcase>
  <testcase name="verifyUIAndAPIDetailsMatch" classname="tests.e2e.Hybridtest" time="9.24">
    <system-out><![CDATA[UI Title: TC-05 Test Note | API Title: TC-05 Test Note
UI Description: Valid note for TC-05 | API Description: Valid note for TC-05
UI Category:  | API Category: Home
TC-15 PASSED: UI and API data match.
TEST PASSED: verifyUIAndAPIDetailsMatch
]]></system-out>
  </testcase>
  <testcase name="verifyAPIDeletedNoteDisappearsFromUI" classname="tests.e2e.Hybridtest" time="16.262">
    <system-out><![CDATA[[PERF] Login Page | Navigation: 3525ms | DOM Ready: 1783ms ✓ OK
TC-18: Note created via API — ID: 6a19daf351ccbd0297d4aa90
entered password
TC-18: Note deleted via API
OBSERVATION BEFORE REFRESH: Deleted note still visible in UI = true
TC-18 PASSED
OBSERVATION: UI requires refresh to reflect API deletion.
TEST PASSED: verifyAPIDeletedNoteDisappearsFromUI
]]></system-out>
    <system-err><![CDATA[May 29, 2026 11:59:01 PM org.openqa.selenium.devtools.CdpVersionFinder findNearestMatch
WARNING: Unable to find CDP implementation matching 148
May 29, 2026 11:59:01 PM org.openqa.selenium.chromium.ChromiumDriver lambda$new$5
WARNING: Unable to find version of CDP to use for 148.0.7778.179. You may need to include a dependency on a specific version of the CDP using something similar to `org.seleniumhq.selenium:selenium-devtools-v86:4.21.0` where the version ("v86") matches the version of the chromium-based browser you're using and the version number of the artifact is the same as Selenium's.
]]></system-err>
  </testcase>
  <testcase name="verifyDeletedNoteCannotBeAccessed" classname="tests.e2e.Hybridtest" time="24.253">
    <system-out><![CDATA[[PERF] Login Page | Navigation: 3701ms | DOM Ready: 1533ms ✓ OK
entered password
TC-19 PASSED
TEST PASSED: verifyDeletedNoteCannotBeAccessed
]]></system-out>
    <system-err><![CDATA[May 29, 2026 11:59:22 PM org.openqa.selenium.devtools.CdpVersionFinder findNearestMatch
WARNING: Unable to find CDP implementation matching 148
May 29, 2026 11:59:22 PM org.openqa.selenium.chromium.ChromiumDriver lambda$new$5
WARNING: Unable to find version of CDP to use for 148.0.7778.179. You may need to include a dependency on a specific version of the CDP using something similar to `org.seleniumhq.selenium:selenium-devtools-v86:4.21.0` where the version ("v86") matches the version of the chromium-based browser you're using and the version number of the artifact is the same as Selenium's.
]]></system-err>
  </testcase>
</testsuite>