<?xml version="1.0" encoding="UTF-8"?>
<testsuite xmlns:xsi="http://www.w3.org/2001/XMLSchema-instance" xsi:noNamespaceSchemaLocation="https://maven.apache.org/surefire/maven-surefire-plugin/xsd/surefire-test-report-3.0.xsd" version="3.0" name="TestSuite" time="311.252" tests="26" errors="0" skipped="2" failures="1">
  <properties>
[...]
</properties>
  <testcase name="verifyLoginFunctionality[an@gmail.com, 123456, pass](1)" classname="tests.ui.LoginTest" time="1.304">
    <system-out><![CDATA[[PERF] Login Page | Navigation: 10598ms | DOM Ready: 6036ms ⚠ SLOW
[PERF] Login Page | Navigation: 11060ms | DOM Ready: 6099ms ⚠ SLOW
Executing Test
Email : an@gmail.com
entered password
entered password
Login Successful
[PERF] Dashboard After Login | Navigation: 10598ms | DOM Ready: 6036ms ⚠ SLOW
Logged out successfully
TEST PASSED: verifyLoginFunctionality
]]></system-out>
    <system-err><![CDATA[SLF4J(W): No SLF4J providers were found.
SLF4J(W): Defaulting to no-operation (NOP) logger implementation
SLF4J(W): See https://www.slf4j.org/codes.html#noProviders for further details.
ERROR StatusLogger Log4j2 could not find a logging implementation. Please add log4j-core to the classpath. Using SimpleLogger to log to the console...
May 29, 2026 10:55:51 PM org.openqa.selenium.devtools.CdpVersionFinder findNearestMatch
WARNING: Unable to find CDP implementation matching 148
May 29, 2026 10:55:51 PM org.openqa.selenium.devtools.CdpVersionFinder findNearestMatch
WARNING: Unable to find CDP implementation matching 148
May 29, 2026 10:55:51 PM org.openqa.selenium.chromium.ChromiumDriver lambda$new$5
WARNING: Unable to find version of CDP to use for 148.0.7778.179. You may need to include a dependency on a specific version of the CDP using something similar to `org.seleniumhq.selenium:selenium-devtools-v86:4.21.0` where the version ("v86") matches the version of the chromium-based browser you're using and the version number of the artifact is the same as Selenium's.
May 29, 2026 10:55:51 PM org.openqa.selenium.chromium.ChromiumDriver lambda$new$5
WARNING: Unable to find version of CDP to use for 148.0.7778.179. You may need to include a dependency on a specific version of the CDP using something similar to `org.seleniumhq.selenium:selenium-devtools-v86:4.21.0` where the version ("v86") matches the version of the chromium-based browser you're using and the version number of the artifact is the same as Selenium's.
]]></system-err>
  </testcase>
  <testcase name="verifyLoginFunctionality[an@gmail.com, jbubouuho, fail](2)" classname="tests.ui.LoginTest" time="0.422">
    <system-out><![CDATA[[SELF-HEAL] Primary locator worked: By.cssSelector: [data-testid='add-new-note']
Normal click failed. Using JS click.
[PERF] Login Page | Navigation: 8079ms | DOM Ready: 2274ms ⚠ SLOW
Executing Test
Email : an@gmail.com
entered password
Negative login validated
TEST PASSED: verifyLoginFunctionality
]]></system-out>
    <system-err><![CDATA[May 29, 2026 10:56:04 PM org.openqa.selenium.devtools.CdpVersionFinder findNearestMatch
WARNING: Unable to find CDP implementation matching 148
May 29, 2026 10:56:04 PM org.openqa.selenium.chromium.ChromiumDriver lambda$new$5
WARNING: Unable to find version of CDP to use for 148.0.7778.179. You may need to include a dependency on a specific version of the CDP using something similar to `org.seleniumhq.selenium:selenium-devtools-v86:4.21.0` where the version ("v86") matches the version of the chromium-based browser you're using and the version number of the artifact is the same as Selenium's.
]]></system-err>
  </testcase>
  <testcase name="verifyLoginFunctionality[, , fail](3)" classname="tests.ui.LoginTest" time="1.192">
    <system-out><![CDATA[[PERF] Login Page | Navigation: 7602ms | DOM Ready: 4107ms ⚠ SLOW
Executing Test
Email : 
entered password
Negative login validated
TEST PASSED: verifyLoginFunctionality
]]></system-out>
    <system-err><![CDATA[May 29, 2026 10:56:14 PM org.openqa.selenium.devtools.CdpVersionFinder findNearestMatch
WARNING: Unable to find CDP implementation matching 148
May 29, 2026 10:56:14 PM org.openqa.selenium.chromium.ChromiumDriver lambda$new$5
WARNING: Unable to find version of CDP to use for 148.0.7778.179. You may need to include a dependency on a specific version of the CDP using something similar to `org.seleniumhq.selenium:selenium-devtools-v86:4.21.0` where the version ("v86") matches the version of the chromium-based browser you're using and the version number of the artifact is the same as Selenium's.
]]></system-err>
  </testcase>
  <testcase name="verifyLoginFunctionality[invalidemail, SuperSecretPassword!, fail](4)" classname="tests.ui.LoginTest" time="0.513">
    <system-out><![CDATA[[PERF] Login Page | Navigation: 8555ms | DOM Ready: 3873ms ⚠ SLOW
Executing Test
Email : invalidemail
entered password
Negative login validated
TEST PASSED: verifyLoginFunctionality
]]></system-out>
    <system-err><![CDATA[May 29, 2026 10:56:26 PM org.openqa.selenium.devtools.CdpVersionFinder findNearestMatch
WARNING: Unable to find CDP implementation matching 148
May 29, 2026 10:56:26 PM org.openqa.selenium.chromium.ChromiumDriver lambda$new$5
WARNING: Unable to find version of CDP to use for 148.0.7778.179. You may need to include a dependency on a specific version of the CDP using something similar to `org.seleniumhq.selenium:selenium-devtools-v86:4.21.0` where the version ("v86") matches the version of the chromium-based browser you're using and the version number of the artifact is the same as Selenium's.
]]></system-err>
  </testcase>
  <testcase name="verifySuccessfulNoteCreation" classname="tests.ui.NoteCreationTest" time="4.979">
    <system-out><![CDATA[TC-05 PASSED: Note created — TC-05 Test Note_1780075562412
TEST PASSED: verifySuccessfulNoteCreation
]]></system-out>
  </testcase>
  <testcase name="verifyNoteCreationWithSpecialCharacters" classname="tests.ui.NoteCreationTest" time="7.566">
    <system-out><![CDATA[[PERF] Login Page | Navigation: 17604ms | DOM Ready: 5539ms ⚠ SLOW
entered password
TC-06 PASSED: Note with special characters created — TC-06 Special !@#$%^&*()
TEST PASSED: verifyNoteCreationWithSpecialCharacters
]]></system-out>
    <system-err><![CDATA[May 29, 2026 10:57:37 PM org.openqa.selenium.devtools.CdpVersionFinder findNearestMatch
WARNING: Unable to find CDP implementation matching 148
May 29, 2026 10:57:37 PM org.openqa.selenium.chromium.ChromiumDriver lambda$new$5
WARNING: Unable to find version of CDP to use for 148.0.7778.179. You may need to include a dependency on a specific version of the CDP using something similar to `org.seleniumhq.selenium:selenium-devtools-v86:4.21.0` where the version ("v86") matches the version of the chromium-based browser you're using and the version number of the artifact is the same as Selenium's.
]]></system-err>
  </testcase>
  <testcase name="verifyNoteCreationWithEmptyTitle" classname="tests.ui.NoteCreationTest" time="14.937">
    <system-out><![CDATA[[PERF] Login Page | Navigation: 5467ms | DOM Ready: 2945ms ⚠ SLOW
entered password
[PERF] Dashboard After Login | Navigation: 5467ms | DOM Ready: 2945ms ⚠ SLOW
[SELF-HEAL] Primary locator worked: By.cssSelector: [data-testid='add-new-note']
Normal click failed. Using JS click.
TC-07 PASSED: Validation shown, note not created.
TEST PASSED: verifyNoteCreationWithEmptyTitle
]]></system-out>
    <system-err><![CDATA[May 29, 2026 10:58:04 PM org.openqa.selenium.devtools.CdpVersionFinder findNearestMatch
WARNING: Unable to find CDP implementation matching 148
May 29, 2026 10:58:04 PM org.openqa.selenium.chromium.ChromiumDriver lambda$new$5
WARNING: Unable to find version of CDP to use for 148.0.7778.179. You may need to include a dependency on a specific version of the CDP using something similar to `org.seleniumhq.selenium:selenium-devtools-v86:4.21.0` where the version ("v86") matches the version of the chromium-based browser you're using and the version number of the artifact is the same as Selenium's.
]]></system-err>
  </testcase>
  <testcase name="verifyNoteCreationWithEmptyDescription" classname="tests.ui.NoteCreationTest" time="23.639">
    <system-out><![CDATA[[PERF] Login Page | Navigation: 8682ms | DOM Ready: 4949ms ⚠ SLOW
[PERF] Login Page | Navigation: 10649ms | DOM Ready: 6015ms ⚠ SLOW
entered password
entered password
[PERF] Dashboard After Login | Navigation: 10649ms | DOM Ready: 6015ms ⚠ SLOW
[SELF-HEAL] Primary locator worked: By.cssSelector: [data-testid='add-new-note']
Normal click failed. Using JS click.
TC-08 PASSED: Validation shown, note not created.
TEST PASSED: verifyNoteCreationWithEmptyDescription
]]></system-out>
    <system-err><![CDATA[May 29, 2026 10:58:28 PM org.openqa.selenium.devtools.CdpVersionFinder findNearestMatch
WARNING: Unable to find CDP implementation matching 148
May 29, 2026 10:58:28 PM org.openqa.selenium.chromium.ChromiumDriver lambda$new$5
WARNING: Unable to find version of CDP to use for 148.0.7778.179. You may need to include a dependency on a specific version of the CDP using something similar to `org.seleniumhq.selenium:selenium-devtools-v86:4.21.0` where the version ("v86") matches the version of the chromium-based browser you're using and the version number of the artifact is the same as Selenium's.
]]></system-err>
  </testcase>
  <testcase name="verifyNoteAppearsAfterCreation" classname="tests.ui.NoteCreationTest" time="0.0">
    <skipped message="element click intercepted: Element &lt;button class=&quot;btn btn-primary mt-3 mt-lg-0&quot; data-testid=&quot;add-new-note&quot;&gt;...&lt;/button&gt; is not clickable at point (1129, 32). Other element would receive the click: &lt;a class=&quot;btn btn-sut d-lg-inline-block my-2 my-md-0 ms-md-3&quot; href=&quot;https://istqb.expandtesting.com/&quot;&gt;...&lt;/a&gt;&#10;  (Session info: chrome=148.0.7778.179)&#10;Build info: version: &apos;4.21.0&apos;, revision: &apos;79ed462ef4&apos;&#10;System info: os.name: &apos;Windows 11&apos;, os.arch: &apos;amd64&apos;, os.version: &apos;10.0&apos;, java.version: &apos;21.0.10&apos;&#10;Driver info: org.openqa.selenium.chrome.ChromeDriver&#10;Command: [97e162f6a78bbe8d7a5a649e668221e4, clickElement {id=f.F5B9E91F70FA927937AD2228E11050BF.d.6FCC63C39D3993F84E22BDC46C23F405.e.47}]&#10;Capabilities {acceptInsecureCerts: false, browserName: chrome, browserVersion: 148.0.7778.179, chrome: {chromedriverVersion: 148.0.7778.178 (d096af1c9e9..., userDataDir: C:\Users\aditi\AppData\Loca...}, fedcm:accounts: true, goog:chromeOptions: {debuggerAddress: localhost:62172}, goog:processID: 26340, networkConnectionEnabled: false, pageLoadStrategy: normal, platformName: windows, proxy: Proxy(), se:cdp: ws://localhost:62172/devtoo..., se:cdpVersion: 148.0.7778.179, setWindowRect: true, strictFileInteractability: false, timeouts: {implicit: 0, pageLoad: 300000, script: 30000}, unhandledPromptBehavior: dismiss and notify, webauthn:extension:credBlob: true, webauthn:extension:largeBlob: true, webauthn:extension:minPinLength: true, webauthn:extension:prf: true, webauthn:virtualAuthenticators: true}&#10;Element: [[ChromeDriver: chrome on windows (97e162f6a78bbe8d7a5a649e668221e4)] -&gt; css selector: [data-testid=&apos;add-new-note&apos;]]&#10;Session ID: 97e162f6a78bbe8d7a5a649e668221e4"/>
    <system-out><![CDATA[[RETRY] Browser restarted successfully.
TEST SKIPPED: verifyNoteAppearsAfterCreation
]]></system-out>
  </testcase>
  <testcase name="verifyNoteAppearsAfterCreation" classname="tests.ui.NoteCreationTest" time="0.0">
    <skipped message="element click intercepted: Element &lt;button class=&quot;btn btn-primary mt-3 mt-lg-0&quot; data-testid=&quot;add-new-note&quot;&gt;...&lt;/button&gt; is not clickable at point (1129, 32). Other element would receive the click: &lt;a class=&quot;btn btn-sut d-lg-inline-block my-2 my-md-0 ms-md-3&quot; href=&quot;https://istqb.expandtesting.com/&quot;&gt;...&lt;/a&gt;&#10;  (Session info: chrome=148.0.7778.179)&#10;Build info: version: &apos;4.21.0&apos;, revision: &apos;79ed462ef4&apos;&#10;System info: os.name: &apos;Windows 11&apos;, os.arch: &apos;amd64&apos;, os.version: &apos;10.0&apos;, java.version: &apos;21.0.10&apos;&#10;Driver info: org.openqa.selenium.chrome.ChromeDriver&#10;Command: [0a7a90891e9d1d92e44f5f7084995865, clickElement {id=f.225326F0457634965D005877CDBB38DA.d.DEC8CF8E619435F7A5E0E764B5CF32D7.e.46}]&#10;Capabilities {acceptInsecureCerts: false, browserName: chrome, browserVersion: 148.0.7778.179, chrome: {chromedriverVersion: 148.0.7778.178 (d096af1c9e9..., userDataDir: C:\Users\aditi\AppData\Loca...}, fedcm:accounts: true, goog:chromeOptions: {debuggerAddress: localhost:63695}, goog:processID: 14092, networkConnectionEnabled: false, pageLoadStrategy: normal, platformName: windows, proxy: Proxy(), se:cdp: ws://localhost:63695/devtoo..., se:cdpVersion: 148.0.7778.179, setWindowRect: true, strictFileInteractability: false, timeouts: {implicit: 0, pageLoad: 300000, script: 30000}, unhandledPromptBehavior: dismiss and notify, webauthn:extension:credBlob: true, webauthn:extension:largeBlob: true, webauthn:extension:minPinLength: true, webauthn:extension:prf: true, webauthn:virtualAuthenticators: true}&#10;Element: [[ChromeDriver: chrome on windows (0a7a90891e9d1d92e44f5f7084995865)] -&gt; css selector: [data-testid=&apos;add-new-note&apos;]]&#10;Session ID: 0a7a90891e9d1d92e44f5f7084995865"/>
    <system-out><![CDATA[[SELF-HEAL] Primary locator worked: By.cssSelector: [data-testid='add-new-note']
Hybrid Login Status: 200
Hybrid Login Response:
{
    "success": true,
    "status": 200,
    "message": "Login successful",
    "data": {
        "id": "6a17161051ccbd0297d32d47",
        "name": "ADIN",
        "email": "aan@gmail.com",
        "token": "239bae2b31f24966875fc98302e21bad3ec4140671f34d81a95f35ccbc8ec882"
    }
}
Hybrid API Token: 239bae2b31f24966875fc98302e21bad3ec4140671f34d81a95f35ccbc8ec882
[RETRY] Flaky failure detected — retrying test: verifyNoteAppearsAfterCreation (Attempt 2 of 2)
[RETRY] Ad/iframe interference detected — restarting browser for clean retry...
[PERF] Login Page | Navigation: 4414ms | DOM Ready: 2021ms ✓ OK
entered password
[SELF-HEAL] Primary locator worked: By.cssSelector: [data-testid='add-new-note']
[RETRY] Browser restarted successfully.
TEST SKIPPED: verifyNoteAppearsAfterCreation
]]></system-out>
    <system-err><![CDATA[May 29, 2026 10:59:25 PM org.openqa.selenium.devtools.CdpVersionFinder findNearestMatch
WARNING: Unable to find CDP implementation matching 148
May 29, 2026 10:59:25 PM org.openqa.selenium.chromium.ChromiumDriver lambda$new$5
WARNING: Unable to find version of CDP to use for 148.0.7778.179. You may need to include a dependency on a specific version of the CDP using something similar to `org.seleniumhq.selenium:selenium-devtools-v86:4.21.0` where the version ("v86") matches the version of the chromium-based browser you're using and the version number of the artifact is the same as Selenium's.
May 29, 2026 10:59:28 PM org.openqa.selenium.devtools.CdpVersionFinder findNearestMatch
WARNING: Unable to find CDP implementation matching 148
May 29, 2026 10:59:28 PM org.openqa.selenium.chromium.ChromiumDriver lambda$new$5
WARNING: Unable to find version of CDP to use for 148.0.7778.179. You may need to include a dependency on a specific version of the CDP using something similar to `org.seleniumhq.selenium:selenium-devtools-v86:4.21.0` where the version ("v86") matches the version of the chromium-based browser you're using and the version number of the artifact is the same as Selenium's.
]]></system-err>
  </testcase>
  <testcase name="verifyNoteAppearsAfterCreation" classname="tests.ui.NoteCreationTest" time="3.095">
    <system-out><![CDATA[Normal click failed. Using JS click.
[PERF] Login Page | Navigation: 6625ms | DOM Ready: 1855ms ⚠ SLOW
entered password
[PERF] Dashboard After Login | Navigation: 6625ms | DOM Ready: 1855ms ⚠ SLOW
[SELF-HEAL] Primary locator worked: By.cssSelector: [data-testid='add-new-note']
Normal click failed. Using JS click.
TC-09 PASSED: Newly created note became visible after creation.
OBSERVATION: UI takes around 1 second to refresh and display note.
TEST PASSED: verifyNoteAppearsAfterCreation
]]></system-out>
    <system-err><![CDATA[May 29, 2026 10:59:32 PM org.openqa.selenium.devtools.CdpVersionFinder findNearestMatch
WARNING: Unable to find CDP implementation matching 148
May 29, 2026 10:59:32 PM org.openqa.selenium.chromium.ChromiumDriver lambda$new$5
WARNING: Unable to find version of CDP to use for 148.0.7778.179. You may need to include a dependency on a specific version of the CDP using something similar to `org.seleniumhq.selenium:selenium-devtools-v86:4.21.0` where the version ("v86") matches the version of the chromium-based browser you're using and the version number of the artifact is the same as Selenium's.
]]></system-err>
  </testcase>
  <testcase name="verifyNoteAppearsInstantlyInUI" classname="tests.ui.NoteEditTest" time="17.296">
    <system-out><![CDATA[[PERF] Login Page | Navigation: -1780075607589ms | DOM Ready: 1992ms ✓ OK
entered password
[SELF-HEAL] Primary locator worked: By.cssSelector: [data-testid='add-new-note']
Normal click failed. Using JS click.
[PERF] Login Page | Navigation: -1780075633092ms | DOM Ready: 2471ms ✓ OK
entered password
[PERF] Dashboard After Login | Navigation: 4486ms | DOM Ready: 2471ms ✓ OK
[SELF-HEAL] Primary locator worked: By.cssSelector: [data-testid='add-new-note']
Normal click failed. Using JS click.
TC-09 PASSED: Note appeared instantly — TC-05 Test Note
TEST PASSED: verifyNoteAppearsInstantlyInUI
]]></system-out>
    <system-err><![CDATA[May 29, 2026 10:56:47 PM org.openqa.selenium.devtools.CdpVersionFinder findNearestMatch
WARNING: Unable to find CDP implementation matching 148
May 29, 2026 10:56:47 PM org.openqa.selenium.chromium.ChromiumDriver lambda$new$5
WARNING: Unable to find version of CDP to use for 148.0.7778.179. You may need to include a dependency on a specific version of the CDP using something similar to `org.seleniumhq.selenium:selenium-devtools-v86:4.21.0` where the version ("v86") matches the version of the chromium-based browser you're using and the version number of the artifact is the same as Selenium's.
May 29, 2026 10:57:12 PM org.openqa.selenium.devtools.CdpVersionFinder findNearestMatch
WARNING: Unable to find CDP implementation matching 148
May 29, 2026 10:57:12 PM org.openqa.selenium.chromium.ChromiumDriver lambda$new$5
WARNING: Unable to find version of CDP to use for 148.0.7778.179. You may need to include a dependency on a specific version of the CDP using something similar to `org.seleniumhq.selenium:selenium-devtools-v86:4.21.0` where the version ("v86") matches the version of the chromium-based browser you're using and the version number of the artifact is the same as Selenium's.
]]></system-err>
  </testcase>
  <testcase name="verifyNoteEditFunctionality" classname="tests.ui.NoteEditTest" time="16.753">
    <failure message="TC-10 FAILED: Updated description not reflected in UI. expected [true] but found [false]" type="java.lang.AssertionError"><![CDATA[java.lang.AssertionError: TC-10 FAILED: Updated description not reflected in UI. expected [true] but found [false]
	at org.testng.Assert.fail(Assert.java:111)
	at org.testng.Assert.failNotEquals(Assert.java:1578)
	at org.testng.Assert.assertTrue(Assert.java:57)
	at tests.ui.NoteEditTest.verifyNoteEditFunctionality(NoteEditTest.java:91)
	at java.base/jdk.internal.reflect.DirectMethodHandleAccessor.invoke(DirectMethodHandleAccessor.java:103)
	at java.base/java.lang.reflect.Method.invoke(Method.java:580)
	at org.testng.internal.invokers.MethodInvocationHelper.invokeMethod(MethodInvocationHelper.java:141)
	at org.testng.internal.invokers.TestInvoker.invokeMethod(TestInvoker.java:686)
	at org.testng.internal.invokers.TestInvoker.invokeTestMethod(TestInvoker.java:230)
	at org.testng.internal.invokers.MethodRunner.runInSequence(MethodRunner.java:63)
	at org.testng.internal.invokers.TestInvoker$MethodInvocationAgent.invoke(TestInvoker.java:992)
	at org.testng.internal.invokers.TestInvoker.invokeTestMethods(TestInvoker.java:203)
	at org.testng.internal.invokers.TestMethodWorker.invokeTestMethods(TestMethodWorker.java:154)
	at org.testng.internal.invokers.TestMethodWorker.run(TestMethodWorker.java:134)
	at java.base/java.util.ArrayList.forEach(ArrayList.java:1596)
	at org.testng.TestRunner.privateRun(TestRunner.java:739)
	at org.testng.TestRunner.run(TestRunner.java:614)
	at org.testng.SuiteRunner.runTest(SuiteRunner.java:421)
	at org.testng.SuiteRunner$SuiteWorker.run(SuiteRunner.java:463)
	at org.testng.internal.thread.ThreadUtil.lambda$execute$0(ThreadUtil.java:64)
	at java.base/java.util.concurrent.FutureTask.run(FutureTask.java:317)
	at java.base/java.util.concurrent.ThreadPoolExecutor.runWorker(ThreadPoolExecutor.java:1144)
	at java.base/java.util.concurrent.ThreadPoolExecutor$Worker.run(ThreadPoolExecutor.java:642)
	at java.base/java.lang.Thread.run(Thread.java:1583)
]]></failure>
    <system-out><![CDATA[[RETRY] Genuine failure — not retrying: verifyNoteEditFunctionality | Reason: TC-10 FAILED: Updated description not reflected in UI. expected [true] but found [false]
TEST FAILED: verifyNoteEditFunctionality
Screenshot attached to Allure.
]]></system-out>
    <system-err><![CDATA[May 29, 2026 10:58:26 PM org.openqa.selenium.devtools.CdpVersionFinder findNearestMatch
WARNING: Unable to find CDP implementation matching 148
May 29, 2026 10:58:26 PM org.openqa.selenium.chromium.ChromiumDriver lambda$new$5
WARNING: Unable to find version of CDP to use for 148.0.7778.179. You may need to include a dependency on a specific version of the CDP using something similar to `org.seleniumhq.selenium:selenium-devtools-v86:4.21.0` where the version ("v86") matches the version of the chromium-based browser you're using and the version number of the artifact is the same as Selenium's.
]]></system-err>
  </testcase>
  <testcase name="verifyEditedNotePersistsAfterRefresh" classname="tests.ui.NoteEditTest" time="24.005">
    <system-out><![CDATA[TC-11 PASSED: Edited note persisted after refresh — Edited the description
TEST PASSED: verifyEditedNotePersistsAfterRefresh
]]></system-out>
  </testcase>
  <testcase name="verifySaveWithoutChangesInEditMode" classname="tests.ui.NoteSearchAndEditTest" time="1.978">
    <system-out><![CDATA[[PERF] Login Page | Navigation: -1780075741730ms | DOM Ready: 2425ms ✓ OK
entered password
[PERF] Dashboard After Login | Navigation: 4734ms | DOM Ready: 2425ms ✓ OK
[PERF] Login Page | Navigation: 4757ms | DOM Ready: 2375ms ✓ OK
entered password
[SELF-HEAL] Primary locator worked: By.cssSelector: [data-testid='add-new-note']
[RETRY] Flaky failure detected — retrying test: verifyNoteAppearsAfterCreation (Attempt 1 of 2)
[RETRY] Ad/iframe interference detected — restarting browser for clean retry...
STEP 1: Opened existing note in edit mode.
STEP 2: Save button enabled without modifications = true
STEP 3: Save button clicked without editing note.
Expected: Save button disabled OR validation/warning message displayed.
Actual: Save action executed and dashboard refreshed silently.
TC-24 PASSED (Observation Logged): Application allows save without modifications.
TEST PASSED: verifySaveWithoutChangesInEditMode
]]></system-out>
    <system-err><![CDATA[May 29, 2026 10:59:01 PM org.openqa.selenium.devtools.CdpVersionFinder findNearestMatch
WARNING: Unable to find CDP implementation matching 148
May 29, 2026 10:59:01 PM org.openqa.selenium.chromium.ChromiumDriver lambda$new$5
WARNING: Unable to find version of CDP to use for 148.0.7778.179. You may need to include a dependency on a specific version of the CDP using something similar to `org.seleniumhq.selenium:selenium-devtools-v86:4.21.0` where the version ("v86") matches the version of the chromium-based browser you're using and the version number of the artifact is the same as Selenium's.
May 29, 2026 10:59:02 PM org.openqa.selenium.devtools.CdpVersionFinder findNearestMatch
WARNING: Unable to find CDP implementation matching 148
May 29, 2026 10:59:02 PM org.openqa.selenium.chromium.ChromiumDriver lambda$new$5
WARNING: Unable to find version of CDP to use for 148.0.7778.179. You may need to include a dependency on a specific version of the CDP using something similar to `org.seleniumhq.selenium:selenium-devtools-v86:4.21.0` where the version ("v86") matches the version of the chromium-based browser you're using and the version number of the artifact is the same as Selenium's.
]]></system-err>
  </testcase>
  <testcase name="verifyGetNotesReturnsNotesList" classname="tests.api.ApiTest" time="0.758">
    <system-out><![CDATA[Login Status Code : 200
Login Response : {"success":true,"status":200,"message":"Login successful","data":{"id":"6a17161051ccbd0297d32d47","name":"ADIN","email":"aan@gmail.com","token":"239bae2b31f24966875fc98302e21bad3ec4140671f34d81a95f35ccbc8ec882"}}
Generated Token : 239bae2b31f24966875fc98302e21bad3ec4140671f34d81a95f35ccbc8ec882
TC-12 PASSED : GET /notes returned successfully in 534 ms
TEST PASSED: verifyGetNotesReturnsNotesList
]]></system-out>
    <system-err><![CDATA[May 29, 2026 10:59:12 PM org.openqa.selenium.devtools.CdpVersionFinder findNearestMatch
WARNING: Unable to find CDP implementation matching 148
May 29, 2026 10:59:12 PM org.openqa.selenium.chromium.ChromiumDriver lambda$new$5
WARNING: Unable to find version of CDP to use for 148.0.7778.179. You may need to include a dependency on a specific version of the CDP using something similar to `org.seleniumhq.selenium:selenium-devtools-v86:4.21.0` where the version ("v86") matches the version of the chromium-based browser you're using and the version number of the artifact is the same as Selenium's.
]]></system-err>
  </testcase>
  <testcase name="verifyGetNotesResponseStructure" classname="tests.api.ApiTest" time="1.286">
    <system-out><![CDATA[TC-13 PASSED : Response schema validated
TEST PASSED: verifyGetNotesResponseStructure
]]></system-out>
  </testcase>
  <testcase name="verifySuccessfulNoteDeletion" classname="tests.api.ApiTest" time="1.36">
    <system-out><![CDATA[Created Note ID : 6a19ccef51ccbd0297d4a736
TC-16 PASSED : Note deleted successfully
TEST PASSED: verifySuccessfulNoteDeletion
]]></system-out>
    <system-err><![CDATA[May 29, 2026 10:59:17 PM org.openqa.selenium.devtools.CdpVersionFinder findNearestMatch
WARNING: Unable to find CDP implementation matching 148
May 29, 2026 10:59:17 PM org.openqa.selenium.chromium.ChromiumDriver lambda$new$5
WARNING: Unable to find version of CDP to use for 148.0.7778.179. You may need to include a dependency on a specific version of the CDP using something similar to `org.seleniumhq.selenium:selenium-devtools-v86:4.21.0` where the version ("v86") matches the version of the chromium-based browser you're using and the version number of the artifact is the same as Selenium's.
]]></system-err>
  </testcase>
  <testcase name="verifyDeletionOfNonExistingNote" classname="tests.api.ApiTest" time="0.613">
    <system-out><![CDATA[TC-17 PASSED : Proper error returned for invalid note ID
TEST PASSED: verifyDeletionOfNonExistingNote
]]></system-out>
  </testcase>
  <testcase name="verifyGetNotesResponseTime" classname="tests.api.ApiTest" time="0.923">
    <system-out><![CDATA[TC-20 PASSED : Response received in 905 ms
TEST PASSED: verifyGetNotesResponseTime
]]></system-out>
  </testcase>
  <testcase name="verifyApiStabilityForMultipleRequests" classname="tests.api.ApiTest" time="0.642">
    <system-out><![CDATA[Request 1 completed successfully in 627 ms
Request 2 completed successfully in 1017 ms
Request 3 completed successfully in 1140 ms
[PERF] Login Page | Navigation: 5302ms | DOM Ready: 1872ms ⚠ SLOW
Request 4 completed successfully in 556 ms
entered password
[PERF] Dashboard After Login | Navigation: 5302ms | DOM Ready: 1872ms ⚠ SLOW
Request 5 completed successfully in 564 ms
TC-21 PASSED : API remained stable for multiple requests
TEST PASSED: verifyApiStabilityForMultipleRequests
]]></system-out>
  </testcase>
  <testcase name="verifyApiWithInvalidToken" classname="tests.api.ApiTest" time="0.785">
    <system-out><![CDATA[TC-22 PASSED : Invalid token validation successful
Error Message : Access token is not valid or has expired, you will need to login
TEST PASSED: verifyApiWithInvalidToken
]]></system-out>
  </testcase>
  <testcase name="verifyUICreatedNoteAppearsInAPI" classname="tests.e2e.Hybridtest" time="22.005">
    <system-out><![CDATA[TC-14: Note created in UI
TC-14 PASSED
TEST PASSED: verifyUICreatedNoteAppearsInAPI
]]></system-out>
  </testcase>
  <testcase name="verifyUIAndAPIDetailsMatch" classname="tests.e2e.Hybridtest" time="12.436">
    <system-out><![CDATA[[PERF] Login Page | Navigation: 4049ms | DOM Ready: 1524ms ✓ OK
entered password
UI Title: TC-05 Test Note | API Title: TC-05 Test Note
UI Description: Valid note for TC-05 | API Description: Valid note for TC-05
UI Category:  | API Category: Home
TC-15 PASSED: UI and API data match.
TEST PASSED: verifyUIAndAPIDetailsMatch
]]></system-out>
    <system-err><![CDATA[May 29, 2026 11:00:02 PM org.openqa.selenium.devtools.CdpVersionFinder findNearestMatch
WARNING: Unable to find CDP implementation matching 148
May 29, 2026 11:00:02 PM org.openqa.selenium.chromium.ChromiumDriver lambda$new$5
WARNING: Unable to find version of CDP to use for 148.0.7778.179. You may need to include a dependency on a specific version of the CDP using something similar to `org.seleniumhq.selenium:selenium-devtools-v86:4.21.0` where the version ("v86") matches the version of the chromium-based browser you're using and the version number of the artifact is the same as Selenium's.
]]></system-err>
  </testcase>
  <testcase name="verifyAPIDeletedNoteDisappearsFromUI" classname="tests.e2e.Hybridtest" time="18.108">
    <system-out><![CDATA[[PERF] Login Page | Navigation: 5454ms | DOM Ready: 1713ms ⚠ SLOW
TC-18: Note created via API — ID: 6a19cd3451ccbd0297d4a77d
entered password
TC-18: Note deleted via API
OBSERVATION BEFORE REFRESH: Deleted note still visible in UI = true
TC-18 PASSED
OBSERVATION: UI requires refresh to reflect API deletion.
TEST PASSED: verifyAPIDeletedNoteDisappearsFromUI
]]></system-out>
    <system-err><![CDATA[May 29, 2026 11:00:20 PM org.openqa.selenium.devtools.CdpVersionFinder findNearestMatch
WARNING: Unable to find CDP implementation matching 148
May 29, 2026 11:00:20 PM org.openqa.selenium.chromium.ChromiumDriver lambda$new$5
WARNING: Unable to find version of CDP to use for 148.0.7778.179. You may need to include a dependency on a specific version of the CDP using something similar to `org.seleniumhq.selenium:selenium-devtools-v86:4.21.0` where the version ("v86") matches the version of the chromium-based browser you're using and the version number of the artifact is the same as Selenium's.
]]></system-err>
  </testcase>
  <testcase name="verifyDeletedNoteCannotBeAccessed" classname="tests.e2e.Hybridtest" time="4.947">
    <system-out><![CDATA[[PERF] Login Page | Navigation: 4842ms | DOM Ready: 1642ms ✓ OK
entered password
TC-19 PASSED
TEST PASSED: verifyDeletedNoteCannotBeAccessed
]]></system-out>
    <system-err><![CDATA[May 29, 2026 11:00:44 PM org.openqa.selenium.devtools.CdpVersionFinder findNearestMatch
WARNING: Unable to find CDP implementation matching 148
May 29, 2026 11:00:44 PM org.openqa.selenium.chromium.ChromiumDriver lambda$new$5
WARNING: Unable to find version of CDP to use for 148.0.7778.179. You may need to include a dependency on a specific version of the CDP using something similar to `org.seleniumhq.selenium:selenium-devtools-v86:4.21.0` where the version ("v86") matches the version of the chromium-based browser you're using and the version number of the artifact is the same as Selenium's.
]]></system-err>
  </testcase>
</testsuite>