<?xml version="1.0" encoding="UTF-8"?>
<testng-results retried="4" ignored="4" total="32" passed="23" failed="1" skipped="0">
  <reporter-output>
  </reporter-output>
  <suite started-at="2026-05-29T23:56:00 IST" name="Notes Automation Suite" finished-at="2026-05-29T23:59:50 IST" duration-ms="230101">
    <groups>
    </groups>
    <test started-at="2026-05-29T23:56:00 IST" name="UI - Login Tests" finished-at="2026-05-29T23:56:24 IST" duration-ms="24173">
      <class name="tests.ui.LoginTest">
        <test-method is-config="true" signature="setup()[pri:0, instance:tests.ui.LoginTest@6b587673]" started-at="2026-05-29T23:56:02 IST" name="setup" finished-at="2026-05-29T23:56:07 IST" duration-ms="5722" status="PASS">
          <reporter-output>
          </reporter-output>
        </test-method> <!-- setup -->
        <test-method signature="verifyLoginFunctionality(java.lang.String,java.lang.String,java.lang.String)[pri:0, instance:tests.ui.LoginTest@6b587673]" started-at="2026-05-29T23:56:08 IST" name="verifyLoginFunctionality" data-provider="loginData" finished-at="2026-05-29T23:56:09 IST" duration-ms="1030" status="PASS">
          <params>
            <param index="0">
              <value>
                <![CDATA[an@gmail.com]]>
              </value>
            </param>
            <param index="1">
              <value>
                <![CDATA[123456]]>
              </value>
            </param>
            <param index="2">
              <value>
                <![CDATA[pass]]>
              </value>
            </param>
          </params>
          <reporter-output>
          </reporter-output>
        </test-method> <!-- verifyLoginFunctionality -->
        <test-method is-config="true" signature="tearDown()[pri:0, instance:tests.ui.LoginTest@6b587673]" started-at="2026-05-29T23:56:09 IST" name="tearDown" finished-at="2026-05-29T23:56:09 IST" duration-ms="184" status="PASS">
          <reporter-output>
          </reporter-output>
        </test-method> <!-- tearDown -->
        <test-method is-config="true" signature="setup()[pri:0, instance:tests.ui.LoginTest@6b587673]" started-at="2026-05-29T23:56:09 IST" name="setup" finished-at="2026-05-29T23:56:13 IST" duration-ms="4713" status="PASS">
          <reporter-output>
          </reporter-output>
        </test-method> <!-- setup -->
        <test-method signature="verifyLoginFunctionality(java.lang.String,java.lang.String,java.lang.String)[pri:0, instance:tests.ui.LoginTest@6b587673]" started-at="2026-05-29T23:56:13 IST" name="verifyLoginFunctionality" data-provider="loginData" finished-at="2026-05-29T23:56:14 IST" duration-ms="457" status="PASS">
          <params>
            <param index="0">
              <value>
                <![CDATA[an@gmail.com]]>
              </value>
            </param>
            <param index="1">
              <value>
                <![CDATA[jbubouuho]]>
              </value>
            </param>
            <param index="2">
              <value>
                <![CDATA[fail]]>
              </value>
            </param>
          </params>
          <reporter-output>
          </reporter-output>
        </test-method> <!-- verifyLoginFunctionality -->
        <test-method is-config="true" signature="tearDown()[pri:0, instance:tests.ui.LoginTest@6b587673]" started-at="2026-05-29T23:56:14 IST" name="tearDown" finished-at="2026-05-29T23:56:14 IST" duration-ms="241" status="PASS">
          <reporter-output>
          </reporter-output>
        </test-method> <!-- tearDown -->
        <test-method is-config="true" signature="setup()[pri:0, instance:tests.ui.LoginTest@6b587673]" started-at="2026-05-29T23:56:14 IST" name="setup" finished-at="2026-05-29T23:56:19 IST" duration-ms="4377" status="PASS">
          <reporter-output>
          </reporter-output>
        </test-method> <!-- setup -->
        <test-method signature="verifyLoginFunctionality(java.lang.String,java.lang.String,java.lang.String)[pri:0, instance:tests.ui.LoginTest@6b587673]" started-at="2026-05-29T23:56:19 IST" name="verifyLoginFunctionality" data-provider="loginData" finished-at="2026-05-29T23:56:19 IST" duration-ms="209" status="PASS">
          <params>
            <param index="0">
              <value>
                <![CDATA[]]>
              </value>
            </param>
            <param index="1">
              <value>
                <![CDATA[]]>
              </value>
            </param>
            <param index="2">
              <value>
                <![CDATA[fail]]>
              </value>
            </param>
          </params>
          <reporter-output>
          </reporter-output>
        </test-method> <!-- verifyLoginFunctionality -->
        <test-method is-config="true" signature="tearDown()[pri:0, instance:tests.ui.LoginTest@6b587673]" started-at="2026-05-29T23:56:19 IST" name="tearDown" finished-at="2026-05-29T23:56:19 IST" duration-ms="183" status="PASS">
          <reporter-output>
          </reporter-output>
        </test-method> <!-- tearDown -->
        <test-method is-config="true" signature="setup()[pri:0, instance:tests.ui.LoginTest@6b587673]" started-at="2026-05-29T23:56:19 IST" name="setup" finished-at="2026-05-29T23:56:23 IST" duration-ms="4516" status="PASS">
          <reporter-output>
          </reporter-output>
        </test-method> <!-- setup -->
        <test-method signature="verifyLoginFunctionality(java.lang.String,java.lang.String,java.lang.String)[pri:0, instance:tests.ui.LoginTest@6b587673]" started-at="2026-05-29T23:56:23 IST" name="verifyLoginFunctionality" data-provider="loginData" finished-at="2026-05-29T23:56:24 IST" duration-ms="377" status="PASS">
          <params>
            <param index="0">
              <value>
                <![CDATA[invalidemail]]>
              </value>
            </param>
            <param index="1">
              <value>
                <![CDATA[SuperSecretPassword!]]>
              </value>
            </param>
            <param index="2">
              <value>
                <![CDATA[fail]]>
              </value>
            </param>
          </params>
          <reporter-output>
          </reporter-output>
        </test-method> <!-- verifyLoginFunctionality -->
        <test-method is-config="true" signature="tearDown()[pri:0, instance:tests.ui.LoginTest@6b587673]" started-at="2026-05-29T23:56:24 IST" name="tearDown" finished-at="2026-05-29T23:56:24 IST" duration-ms="181" status="PASS">
          <reporter-output>
          </reporter-output>
        </test-method> <!-- tearDown -->
      </class> <!-- tests.ui.LoginTest -->
    </test> <!-- UI - Login Tests -->
    <test started-at="2026-05-29T23:56:24 IST" name="UI - Note Edit Tests" finished-at="2026-05-29T23:57:43 IST" duration-ms="79033">
      <class name="tests.ui.NoteEditTest">
        <test-method is-config="true" signature="setup()[pri:0, instance:tests.ui.NoteEditTest@4e25147a]" started-at="2026-05-29T23:56:24 IST" name="setup" finished-at="2026-05-29T23:56:29 IST" duration-ms="4825" status="PASS">
          <reporter-output>
          </reporter-output>
        </test-method> <!-- setup -->
        <test-method signature="verifyNoteAppearsInstantlyInUI()[pri:1, instance:tests.ui.NoteEditTest@4e25147a]" started-at="2026-05-29T23:56:29 IST" name="verifyNoteAppearsInstantlyInUI" finished-at="2026-05-29T23:56:56 IST" duration-ms="27379" status="PASS">
          <reporter-output>
          </reporter-output>
        </test-method> <!-- verifyNoteAppearsInstantlyInUI -->
        <test-method is-config="true" signature="tearDown()[pri:0, instance:tests.ui.NoteEditTest@4e25147a]" started-at="2026-05-29T23:56:56 IST" name="tearDown" finished-at="2026-05-29T23:56:57 IST" duration-ms="343" status="PASS">
          <reporter-output>
          </reporter-output>
        </test-method> <!-- tearDown -->
        <test-method is-config="true" signature="setup()[pri:0, instance:tests.ui.NoteEditTest@4e25147a]" started-at="2026-05-29T23:56:57 IST" name="setup" finished-at="2026-05-29T23:57:01 IST" duration-ms="4645" status="PASS">
          <reporter-output>
          </reporter-output>
        </test-method> <!-- setup -->
        <test-method signature="verifyNoteEditFunctionality()[pri:2, instance:tests.ui.NoteEditTest@4e25147a]" started-at="2026-05-29T23:57:01 IST" name="verifyNoteEditFunctionality" finished-at="2026-05-29T23:57:20 IST" duration-ms="19087" status="FAIL">
          <exception class="java.lang.AssertionError">
            <message>
              <![CDATA[TC-10 FAILED: Updated description not reflected in UI. expected [true] but found [false]]]>
            </message>
            <full-stacktrace>
              <![CDATA[java.lang.AssertionError: TC-10 FAILED: Updated description not reflected in UI. expected [true] but found [false]
at org.testng.Assert.fail(Assert.java:111)
at org.testng.Assert.failNotEquals(Assert.java:1578)
at org.testng.Assert.assertTrue(Assert.java:57)
at tests.ui.NoteEditTest.verifyNoteEditFunctionality(NoteEditTest.java:91)
at java.base/jdk.internal.reflect.DirectMethodHandleAccessor.invoke(DirectMethodHandleAccessor.java:103)
at java.base/java.lang.reflect.Method.invoke(Method.java:580)
at org.testng.internal.invokers.MethodInvocationHelper.invokeMethod(MethodInvocationHelper.java:141)
at org.testng.internal.invokers.TestInvoker.invokeMethod(TestInvoker.java:686)
at org.testng.internal.invokers.TestInvoker.invokeTestMethod(TestInvoker.java:230)
at org.testng.internal.invokers.MethodRunner.runInSequence(MethodRunner.java:63)
at org.testng.internal.invokers.TestInvoker$MethodInvocationAgent.invoke(TestInvoker.java:992)
at org.testng.internal.invokers.TestInvoker.invokeTestMethods(TestInvoker.java:203)
at org.testng.internal.invokers.TestMethodWorker.invokeTestMethods(TestMethodWorker.java:154)
at org.testng.internal.invokers.TestMethodWorker.run(TestMethodWorker.java:134)
at java.base/java.util.ArrayList.forEach(ArrayList.java:1596)
at org.testng.TestRunner.privateRun(TestRunner.java:739)
at org.testng.TestRunner.run(TestRunner.java:614)
at org.testng.SuiteRunner.runTest(SuiteRunner.java:421)
at org.testng.SuiteRunner$SuiteWorker.run(SuiteRunner.java:463)
at org.testng.internal.thread.ThreadUtil.lambda$execute$0(ThreadUtil.java:64)
at java.base/java.util.concurrent.FutureTask.run(FutureTask.java:317)
at java.base/java.util.concurrent.ThreadPoolExecutor.runWorker(ThreadPoolExecutor.java:1144)
at java.base/java.util.concurrent.ThreadPoolExecutor$Worker.run(ThreadPoolExecutor.java:642)
at java.base/java.lang.Thread.run(Thread.java:1583)
]]>
            </full-stacktrace>
          </exception> <!-- java.lang.AssertionError -->
          <reporter-output>
          </reporter-output>
        </test-method> <!-- verifyNoteEditFunctionality -->
        <test-method is-config="true" signature="tearDown()[pri:0, instance:tests.ui.NoteEditTest@4e25147a]" started-at="2026-05-29T23:57:21 IST" name="tearDown" finished-at="2026-05-29T23:57:21 IST" duration-ms="244" status="PASS">
          <reporter-output>
          </reporter-output>
        </test-method> <!-- tearDown -->
        <test-method is-config="true" signature="setup()[pri:0, instance:tests.ui.NoteEditTest@4e25147a]" started-at="2026-05-29T23:57:21 IST" name="setup" finished-at="2026-05-29T23:57:27 IST" duration-ms="6343" status="PASS">
          <reporter-output>
          </reporter-output>
        </test-method> <!-- setup -->
        <test-method signature="verifyEditedNotePersistsAfterRefresh()[pri:3, instance:tests.ui.NoteEditTest@4e25147a]" started-at="2026-05-29T23:57:27 IST" name="verifyEditedNotePersistsAfterRefresh" finished-at="2026-05-29T23:57:43 IST" duration-ms="15582" status="PASS">
          <reporter-output>
          </reporter-output>
        </test-method> <!-- verifyEditedNotePersistsAfterRefresh -->
        <test-method is-config="true" signature="tearDown()[pri:0, instance:tests.ui.NoteEditTest@4e25147a]" started-at="2026-05-29T23:57:43 IST" name="tearDown" finished-at="2026-05-29T23:57:43 IST" duration-ms="304" status="PASS">
          <reporter-output>
          </reporter-output>
        </test-method> <!-- tearDown -->
      </class> <!-- tests.ui.NoteEditTest -->
    </test> <!-- UI - Note Edit Tests -->
    <test started-at="2026-05-29T23:57:43 IST" name="UI - Search And Edit Tests" finished-at="2026-05-29T23:57:50 IST" duration-ms="7227">
      <class name="tests.ui.NoteSearchAndEditTest">
        <test-method is-config="true" signature="setup()[pri:0, instance:tests.ui.NoteSearchAndEditTest@1dcca8d3]" started-at="2026-05-29T23:57:43 IST" name="setup" finished-at="2026-05-29T23:57:48 IST" duration-ms="4877" status="PASS">
          <reporter-output>
          </reporter-output>
        </test-method> <!-- setup -->
        <test-method signature="verifySaveWithoutChangesInEditMode()[pri:2, instance:tests.ui.NoteSearchAndEditTest@1dcca8d3]" started-at="2026-05-29T23:57:48 IST" name="verifySaveWithoutChangesInEditMode" finished-at="2026-05-29T23:57:50 IST" duration-ms="2120" status="PASS">
          <reporter-output>
          </reporter-output>
        </test-method> <!-- verifySaveWithoutChangesInEditMode -->
        <test-method is-config="true" signature="tearDown()[pri:0, instance:tests.ui.NoteSearchAndEditTest@1dcca8d3]" started-at="2026-05-29T23:57:50 IST" name="tearDown" finished-at="2026-05-29T23:57:50 IST" duration-ms="214" status="PASS">
          <reporter-output>
          </reporter-output>
        </test-method> <!-- tearDown -->
      </class> <!-- tests.ui.NoteSearchAndEditTest -->
    </test> <!-- UI - Search And Edit Tests -->
    <test started-at="2026-05-29T23:57:50 IST" name="API - Notes API Tests" finished-at="2026-05-29T23:58:05 IST" duration-ms="14381">
      <class name="tests.api.ApiTest">
        <test-method is-config="true" signature="apiSetup()[pri:0, instance:tests.api.ApiTest@26f96b85]" started-at="2026-05-29T23:57:50 IST" name="apiSetup" finished-at="2026-05-29T23:57:56 IST" duration-ms="5611" status="PASS">
          <reporter-output>
          </reporter-output>
        </test-method> <!-- apiSetup -->
        <test-method signature="verifyGetNotesReturnsNotesList()[pri:1, instance:tests.api.ApiTest@26f96b85]" started-at="2026-05-29T23:57:56 IST" name="verifyGetNotesReturnsNotesList" finished-at="2026-05-29T23:57:57 IST" duration-ms="1200" status="PASS">
          <reporter-output>
          </reporter-output>
        </test-method> <!-- verifyGetNotesReturnsNotesList -->
        <test-method signature="verifyGetNotesResponseStructure()[pri:2, instance:tests.api.ApiTest@26f96b85]" started-at="2026-05-29T23:57:57 IST" name="verifyGetNotesResponseStructure" finished-at="2026-05-29T23:57:58 IST" duration-ms="1247" status="PASS">
          <reporter-output>
          </reporter-output>
        </test-method> <!-- verifyGetNotesResponseStructure -->
        <test-method signature="verifySuccessfulNoteDeletion()[pri:3, instance:tests.api.ApiTest@26f96b85]" started-at="2026-05-29T23:57:58 IST" name="verifySuccessfulNoteDeletion" finished-at="2026-05-29T23:58:00 IST" duration-ms="1611" status="PASS">
          <reporter-output>
          </reporter-output>
        </test-method> <!-- verifySuccessfulNoteDeletion -->
        <test-method signature="verifyDeletionOfNonExistingNote()[pri:4, instance:tests.api.ApiTest@26f96b85]" started-at="2026-05-29T23:58:00 IST" name="verifyDeletionOfNonExistingNote" finished-at="2026-05-29T23:58:01 IST" duration-ms="471" status="PASS">
          <reporter-output>
          </reporter-output>
        </test-method> <!-- verifyDeletionOfNonExistingNote -->
        <test-method signature="verifyGetNotesResponseTime()[pri:5, instance:tests.api.ApiTest@26f96b85]" started-at="2026-05-29T23:58:01 IST" name="verifyGetNotesResponseTime" finished-at="2026-05-29T23:58:01 IST" duration-ms="486" status="PASS">
          <reporter-output>
          </reporter-output>
        </test-method> <!-- verifyGetNotesResponseTime -->
        <test-method signature="verifyApiStabilityForMultipleRequests()[pri:6, instance:tests.api.ApiTest@26f96b85]" started-at="2026-05-29T23:58:01 IST" name="verifyApiStabilityForMultipleRequests" finished-at="2026-05-29T23:58:04 IST" duration-ms="3170" status="PASS">
          <reporter-output>
          </reporter-output>
        </test-method> <!-- verifyApiStabilityForMultipleRequests -->
        <test-method signature="verifyApiWithInvalidToken()[pri:7, instance:tests.api.ApiTest@26f96b85]" started-at="2026-05-29T23:58:04 IST" name="verifyApiWithInvalidToken" finished-at="2026-05-29T23:58:05 IST" duration-ms="557" status="PASS">
          <reporter-output>
          </reporter-output>
        </test-method> <!-- verifyApiWithInvalidToken -->
      </class> <!-- tests.api.ApiTest -->
    </test> <!-- API - Notes API Tests -->
    <test started-at="2026-05-29T23:56:00 IST" name="UI - Note Creation Tests" finished-at="2026-05-29T23:58:54 IST" duration-ms="173728">
      <class name="tests.ui.NoteCreationTest">
        <test-method is-config="true" signature="setup()[pri:0, instance:tests.ui.NoteCreationTest@60e5272]" started-at="2026-05-29T23:56:00 IST" name="setup" finished-at="2026-05-29T23:56:07 IST" duration-ms="7442" status="PASS">
          <reporter-output>
          </reporter-output>
        </test-method> <!-- setup -->
        <test-method signature="verifySuccessfulNoteCreation()[pri:1, instance:tests.ui.NoteCreationTest@60e5272]" started-at="2026-05-29T23:56:08 IST" name="verifySuccessfulNoteCreation" finished-at="2026-05-29T23:56:34 IST" duration-ms="26420" status="PASS">
          <reporter-output>
          </reporter-output>
        </test-method> <!-- verifySuccessfulNoteCreation -->
        <test-method is-config="true" signature="tearDown()[pri:0, instance:tests.ui.NoteCreationTest@60e5272]" started-at="2026-05-29T23:56:34 IST" name="tearDown" finished-at="2026-05-29T23:56:34 IST" duration-ms="311" status="PASS">
          <reporter-output>
          </reporter-output>
        </test-method> <!-- tearDown -->
        <test-method is-config="true" signature="setup()[pri:0, instance:tests.ui.NoteCreationTest@60e5272]" started-at="2026-05-29T23:56:34 IST" name="setup" finished-at="2026-05-29T23:56:39 IST" duration-ms="4937" status="PASS">
          <reporter-output>
          </reporter-output>
        </test-method> <!-- setup -->
        <test-method retried="true" signature="verifyNoteCreationWithSpecialCharacters()[pri:2, instance:tests.ui.NoteCreationTest@60e5272]" started-at="2026-05-29T23:56:39 IST" name="verifyNoteCreationWithSpecialCharacters" finished-at="2026-05-29T23:56:41 IST" duration-ms="2243" status="SKIP">
          <exception class="org.openqa.selenium.ElementClickInterceptedException">
            <message>
              <![CDATA[element click intercepted: Element <button class="btn btn-primary mt-3 mt-lg-0" data-testid="add-new-note">...</button> is not clickable at point (1129, 32). Other element would receive the click: <a class="btn btn-sut d-lg-inline-block my-2 my-md-0 ms-md-3" href="https://istqb.expandtesting.com/">...</a>
  (Session info: chrome=148.0.7778.179)
Build info: version: '4.21.0', revision: '79ed462ef4'
System info: os.name: 'Windows 11', os.arch: 'amd64', os.version: '10.0', java.version: '21.0.10'
Driver info: org.openqa.selenium.chrome.ChromeDriver
Command: [eae97de490cf5778751e9518a1428112, clickElement {id=f.CC4CA5409BE48E628A386BDF816E9C0E.d.6ADADC33E568F004754F381D10A0E797.e.48}]
Capabilities {acceptInsecureCerts: false, browserName: chrome, browserVersion: 148.0.7778.179, chrome: {chromedriverVersion: 148.0.7778.178 (d096af1c9e9..., userDataDir: C:\Users\aditi\AppData\Loca...}, fedcm:accounts: true, goog:chromeOptions: {debuggerAddress: localhost:52193}, goog:processID: 31212, networkConnectionEnabled: false, pageLoadStrategy: normal, platformName: windows, proxy: Proxy(), se:cdp: ws://localhost:52193/devtoo..., se:cdpVersion: 148.0.7778.179, setWindowRect: true, strictFileInteractability: false, timeouts: {implicit: 0, pageLoad: 300000, script: 30000}, unhandledPromptBehavior: dismiss and notify, webauthn:extension:credBlob: true, webauthn:extension:largeBlob: true, webauthn:extension:minPinLength: true, webauthn:extension:prf: true, webauthn:virtualAuthenticators: true}
Element: [[ChromeDriver: chrome on windows (eae97de490cf5778751e9518a1428112)] -> css selector: [data-testid='add-new-note']]
Session ID: eae97de490cf5778751e9518a1428112]]>
            </message>
            <full-stacktrace>
              <![CDATA[org.openqa.selenium.ElementClickInterceptedException: element click intercepted: Element <button class="btn btn-primary mt-3 mt-lg-0" data-testid="add-new-note">...</button> is not clickable at point (1129, 32). Other element would receive the click: <a class="btn btn-sut d-lg-inline-block my-2 my-md-0 ms-md-3" href="https://istqb.expandtesting.com/">...</a>
  (Session info: chrome=148.0.7778.179)
Build info: version: '4.21.0', revision: '79ed462ef4'
System info: os.name: 'Windows 11', os.arch: 'amd64', os.version: '10.0', java.version: '21.0.10'
Driver info: org.openqa.selenium.chrome.ChromeDriver
Command: [eae97de490cf5778751e9518a1428112, clickElement {id=f.CC4CA5409BE48E628A386BDF816E9C0E.d.6ADADC33E568F004754F381D10A0E797.e.48}]
Capabilities {acceptInsecureCerts: false, browserName: chrome, browserVersion: 148.0.7778.179, chrome: {chromedriverVersion: 148.0.7778.178 (d096af1c9e9..., userDataDir: C:\Users\aditi\AppData\Loca...}, fedcm:accounts: true, goog:chromeOptions: {debuggerAddress: localhost:52193}, goog:processID: 31212, networkConnectionEnabled: false, pageLoadStrategy: normal, platformName: windows, proxy: Proxy(), se:cdp: ws://localhost:52193/devtoo..., se:cdpVersion: 148.0.7778.179, setWindowRect: true, strictFileInteractability: false, timeouts: {implicit: 0, pageLoad: 300000, script: 30000}, unhandledPromptBehavior: dismiss and notify, webauthn:extension:credBlob: true, webauthn:extension:largeBlob: true, webauthn:extension:minPinLength: true, webauthn:extension:prf: true, webauthn:virtualAuthenticators: true}
Element: [[ChromeDriver: chrome on windows (eae97de490cf5778751e9518a1428112)] -> css selector: [data-testid='add-new-note']]
Session ID: eae97de490cf5778751e9518a1428112
at java.base/jdk.internal.reflect.DirectConstructorHandleAccessor.newInstance(DirectConstructorHandleAccessor.java:62)
at java.base/java.lang.reflect.Constructor.newInstanceWithCaller(Constructor.java:502)
at java.base/java.lang.reflect.Constructor.newInstance(Constructor.java:486)
at org.openqa.selenium.remote.ErrorCodec.decode(ErrorCodec.java:167)
at org.openqa.selenium.remote.codec.w3c.W3CHttpResponseCodec.decode(W3CHttpResponseCodec.java:138)
at org.openqa.selenium.remote.codec.w3c.W3CHttpResponseCodec.decode(W3CHttpResponseCodec.java:50)
at org.openqa.selenium.remote.HttpCommandExecutor.execute(HttpCommandExecutor.java:190)
at org.openqa.selenium.remote.service.DriverCommandExecutor.invokeExecute(DriverCommandExecutor.java:216)
at org.openqa.selenium.remote.service.DriverCommandExecutor.execute(DriverCommandExecutor.java:174)
at org.openqa.selenium.remote.RemoteWebDriver.execute(RemoteWebDriver.java:518)
at org.openqa.selenium.remote.RemoteWebElement.execute(RemoteWebElement.java:223)
at org.openqa.selenium.remote.RemoteWebElement.click(RemoteWebElement.java:76)
at utils.SelfHealingDriver.click(SelfHealingDriver.java:47)
at pages.DashboardPage.clickAddNote(DashboardPage.java:40)
at tests.ui.NoteCreationTest.verifyNoteCreationWithSpecialCharacters(NoteCreationTest.java:72)
at java.base/jdk.internal.reflect.DirectMethodHandleAccessor.invoke(DirectMethodHandleAccessor.java:103)
at java.base/java.lang.reflect.Method.invoke(Method.java:580)
at org.testng.internal.invokers.MethodInvocationHelper.invokeMethod(MethodInvocationHelper.java:141)
at org.testng.internal.invokers.TestInvoker.invokeMethod(TestInvoker.java:686)
at org.testng.internal.invokers.TestInvoker.invokeTestMethod(TestInvoker.java:230)
at org.testng.internal.invokers.MethodRunner.runInSequence(MethodRunner.java:63)
at org.testng.internal.invokers.TestInvoker$MethodInvocationAgent.invoke(TestInvoker.java:992)
at org.testng.internal.invokers.TestInvoker.invokeTestMethods(TestInvoker.java:203)
at org.testng.internal.invokers.TestMethodWorker.invokeTestMethods(TestMethodWorker.java:154)
at org.testng.internal.invokers.TestMethodWorker.run(TestMethodWorker.java:134)
at java.base/java.util.ArrayList.forEach(ArrayList.java:1596)
at org.testng.TestRunner.privateRun(TestRunner.java:739)
at org.testng.TestRunner.run(TestRunner.java:614)
at org.testng.SuiteRunner.runTest(SuiteRunner.java:421)
at org.testng.SuiteRunner$SuiteWorker.run(SuiteRunner.java:463)
at org.testng.internal.thread.ThreadUtil.lambda$execute$0(ThreadUtil.java:64)
at java.base/java.util.concurrent.FutureTask.run(FutureTask.java:317)
at java.base/java.util.concurrent.ThreadPoolExecutor.runWorker(ThreadPoolExecutor.java:1144)
at java.base/java.util.concurrent.ThreadPoolExecutor$Worker.run(ThreadPoolExecutor.java:642)
at java.base/java.lang.Thread.run(Thread.java:1583)
]]>
            </full-stacktrace>
          </exception> <!-- org.openqa.selenium.ElementClickInterceptedException -->
          <reporter-output>
          </reporter-output>
        </test-method> <!-- verifyNoteCreationWithSpecialCharacters -->
        <test-method is-config="true" signature="tearDown()[pri:0, instance:tests.ui.NoteCreationTest@60e5272]" started-at="2026-05-29T23:56:48 IST" name="tearDown" finished-at="2026-05-29T23:56:48 IST" duration-ms="212" status="PASS">
          <reporter-output>
          </reporter-output>
        </test-method> <!-- tearDown -->
        <test-method is-config="true" signature="setup()[pri:0, instance:tests.ui.NoteCreationTest@60e5272]" started-at="2026-05-29T23:56:48 IST" name="setup" finished-at="2026-05-29T23:56:53 IST" duration-ms="4709" status="PASS">
          <reporter-output>
          </reporter-output>
        </test-method> <!-- setup -->
        <test-method signature="verifyNoteCreationWithSpecialCharacters()[pri:2, instance:tests.ui.NoteCreationTest@60e5272]" started-at="2026-05-29T23:56:53 IST" name="verifyNoteCreationWithSpecialCharacters" finished-at="2026-05-29T23:57:10 IST" duration-ms="17652" status="PASS">
          <reporter-output>
          </reporter-output>
        </test-method> <!-- verifyNoteCreationWithSpecialCharacters -->
        <test-method is-config="true" signature="tearDown()[pri:0, instance:tests.ui.NoteCreationTest@60e5272]" started-at="2026-05-29T23:57:10 IST" name="tearDown" finished-at="2026-05-29T23:57:11 IST" duration-ms="229" status="PASS">
          <reporter-output>
          </reporter-output>
        </test-method> <!-- tearDown -->
        <test-method is-config="true" signature="setup()[pri:0, instance:tests.ui.NoteCreationTest@60e5272]" started-at="2026-05-29T23:57:11 IST" name="setup" finished-at="2026-05-29T23:57:15 IST" duration-ms="4066" status="PASS">
          <reporter-output>
          </reporter-output>
        </test-method> <!-- setup -->
        <test-method retried="true" signature="verifyNoteCreationWithEmptyTitle()[pri:3, instance:tests.ui.NoteCreationTest@60e5272]" started-at="2026-05-29T23:57:15 IST" name="verifyNoteCreationWithEmptyTitle" finished-at="2026-05-29T23:57:17 IST" duration-ms="2204" status="SKIP">
          <exception class="org.openqa.selenium.ElementClickInterceptedException">
            <message>
              <![CDATA[element click intercepted: Element <button class="btn btn-primary mt-3 mt-lg-0" data-testid="add-new-note">...</button> is not clickable at point (1129, 34). Other element would receive the click: <a class="btn btn-sut d-lg-inline-block my-2 my-md-0 ms-md-3" href="https://istqb.expandtesting.com/">...</a>
  (Session info: chrome=148.0.7778.179)
Build info: version: '4.21.0', revision: '79ed462ef4'
System info: os.name: 'Windows 11', os.arch: 'amd64', os.version: '10.0', java.version: '21.0.10'
Driver info: org.openqa.selenium.chrome.ChromeDriver
Command: [58cd1d28cda4fd19cf077dfab259d5e7, clickElement {id=f.3970E9E98AD24F6E01B0917B693CDC0B.d.87C6439957477DA87054D42BEE99CE7D.e.37}]
Capabilities {acceptInsecureCerts: false, browserName: chrome, browserVersion: 148.0.7778.179, chrome: {chromedriverVersion: 148.0.7778.178 (d096af1c9e9..., userDataDir: C:\Users\aditi\AppData\Loca...}, fedcm:accounts: true, goog:chromeOptions: {debuggerAddress: localhost:57362}, goog:processID: 17364, networkConnectionEnabled: false, pageLoadStrategy: normal, platformName: windows, proxy: Proxy(), se:cdp: ws://localhost:57362/devtoo..., se:cdpVersion: 148.0.7778.179, setWindowRect: true, strictFileInteractability: false, timeouts: {implicit: 0, pageLoad: 300000, script: 30000}, unhandledPromptBehavior: dismiss and notify, webauthn:extension:credBlob: true, webauthn:extension:largeBlob: true, webauthn:extension:minPinLength: true, webauthn:extension:prf: true, webauthn:virtualAuthenticators: true}
Element: [[ChromeDriver: chrome on windows (58cd1d28cda4fd19cf077dfab259d5e7)] -> css selector: [data-testid='add-new-note']]
Session ID: 58cd1d28cda4fd19cf077dfab259d5e7]]>
            </message>
            <full-stacktrace>
              <![CDATA[org.openqa.selenium.ElementClickInterceptedException: element click intercepted: Element <button class="btn btn-primary mt-3 mt-lg-0" data-testid="add-new-note">...</button> is not clickable at point (1129, 34). Other element would receive the click: <a class="btn btn-sut d-lg-inline-block my-2 my-md-0 ms-md-3" href="https://istqb.expandtesting.com/">...</a>
  (Session info: chrome=148.0.7778.179)
Build info: version: '4.21.0', revision: '79ed462ef4'
System info: os.name: 'Windows 11', os.arch: 'amd64', os.version: '10.0', java.version: '21.0.10'
Driver info: org.openqa.selenium.chrome.ChromeDriver
Command: [58cd1d28cda4fd19cf077dfab259d5e7, clickElement {id=f.3970E9E98AD24F6E01B0917B693CDC0B.d.87C6439957477DA87054D42BEE99CE7D.e.37}]
Capabilities {acceptInsecureCerts: false, browserName: chrome, browserVersion: 148.0.7778.179, chrome: {chromedriverVersion: 148.0.7778.178 (d096af1c9e9..., userDataDir: C:\Users\aditi\AppData\Loca...}, fedcm:accounts: true, goog:chromeOptions: {debuggerAddress: localhost:57362}, goog:processID: 17364, networkConnectionEnabled: false, pageLoadStrategy: normal, platformName: windows, proxy: Proxy(), se:cdp: ws://localhost:57362/devtoo..., se:cdpVersion: 148.0.7778.179, setWindowRect: true, strictFileInteractability: false, timeouts: {implicit: 0, pageLoad: 300000, script: 30000}, unhandledPromptBehavior: dismiss and notify, webauthn:extension:credBlob: true, webauthn:extension:largeBlob: true, webauthn:extension:minPinLength: true, webauthn:extension:prf: true, webauthn:virtualAuthenticators: true}
Element: [[ChromeDriver: chrome on windows (58cd1d28cda4fd19cf077dfab259d5e7)] -> css selector: [data-testid='add-new-note']]
Session ID: 58cd1d28cda4fd19cf077dfab259d5e7
at java.base/jdk.internal.reflect.DirectConstructorHandleAccessor.newInstance(DirectConstructorHandleAccessor.java:62)
at java.base/java.lang.reflect.Constructor.newInstanceWithCaller(Constructor.java:502)
at java.base/java.lang.reflect.Constructor.newInstance(Constructor.java:486)
at org.openqa.selenium.remote.ErrorCodec.decode(ErrorCodec.java:167)
at org.openqa.selenium.remote.codec.w3c.W3CHttpResponseCodec.decode(W3CHttpResponseCodec.java:138)
at org.openqa.selenium.remote.codec.w3c.W3CHttpResponseCodec.decode(W3CHttpResponseCodec.java:50)
at org.openqa.selenium.remote.HttpCommandExecutor.execute(HttpCommandExecutor.java:190)
at org.openqa.selenium.remote.service.DriverCommandExecutor.invokeExecute(DriverCommandExecutor.java:216)
at org.openqa.selenium.remote.service.DriverCommandExecutor.execute(DriverCommandExecutor.java:174)
at org.openqa.selenium.remote.RemoteWebDriver.execute(RemoteWebDriver.java:518)
at org.openqa.selenium.remote.RemoteWebElement.execute(RemoteWebElement.java:223)
at org.openqa.selenium.remote.RemoteWebElement.click(RemoteWebElement.java:76)
at utils.SelfHealingDriver.click(SelfHealingDriver.java:47)
at pages.DashboardPage.clickAddNote(DashboardPage.java:40)
at tests.ui.NoteCreationTest.verifyNoteCreationWithEmptyTitle(NoteCreationTest.java:100)
at java.base/jdk.internal.reflect.DirectMethodHandleAccessor.invoke(DirectMethodHandleAccessor.java:103)
at java.base/java.lang.reflect.Method.invoke(Method.java:580)
at org.testng.internal.invokers.MethodInvocationHelper.invokeMethod(MethodInvocationHelper.java:141)
at org.testng.internal.invokers.TestInvoker.invokeMethod(TestInvoker.java:686)
at org.testng.internal.invokers.TestInvoker.invokeTestMethod(TestInvoker.java:230)
at org.testng.internal.invokers.MethodRunner.runInSequence(MethodRunner.java:63)
at org.testng.internal.invokers.TestInvoker$MethodInvocationAgent.invoke(TestInvoker.java:992)
at org.testng.internal.invokers.TestInvoker.invokeTestMethods(TestInvoker.java:203)
at org.testng.internal.invokers.TestMethodWorker.invokeTestMethods(TestMethodWorker.java:154)
at org.testng.internal.invokers.TestMethodWorker.run(TestMethodWorker.java:134)
at java.base/java.util.ArrayList.forEach(ArrayList.java:1596)
at org.testng.TestRunner.privateRun(TestRunner.java:739)
at org.testng.TestRunner.run(TestRunner.java:614)
at org.testng.SuiteRunner.runTest(SuiteRunner.java:421)
at org.testng.SuiteRunner$SuiteWorker.run(SuiteRunner.java:463)
at org.testng.internal.thread.ThreadUtil.lambda$execute$0(ThreadUtil.java:64)
at java.base/java.util.concurrent.FutureTask.run(FutureTask.java:317)
at java.base/java.util.concurrent.ThreadPoolExecutor.runWorker(ThreadPoolExecutor.java:1144)
at java.base/java.util.concurrent.ThreadPoolExecutor$Worker.run(ThreadPoolExecutor.java:642)
at java.base/java.lang.Thread.run(Thread.java:1583)
]]>
            </full-stacktrace>
          </exception> <!-- org.openqa.selenium.ElementClickInterceptedException -->
          <reporter-output>
          </reporter-output>
        </test-method> <!-- verifyNoteCreationWithEmptyTitle -->
        <test-method is-config="true" signature="tearDown()[pri:0, instance:tests.ui.NoteCreationTest@60e5272]" started-at="2026-05-29T23:57:25 IST" name="tearDown" finished-at="2026-05-29T23:57:25 IST" duration-ms="210" status="PASS">
          <reporter-output>
          </reporter-output>
        </test-method> <!-- tearDown -->
        <test-method is-config="true" signature="setup()[pri:0, instance:tests.ui.NoteCreationTest@60e5272]" started-at="2026-05-29T23:57:25 IST" name="setup" finished-at="2026-05-29T23:57:30 IST" duration-ms="4870" status="PASS">
          <reporter-output>
          </reporter-output>
        </test-method> <!-- setup -->
        <test-method retried="true" signature="verifyNoteCreationWithEmptyTitle()[pri:3, instance:tests.ui.NoteCreationTest@60e5272]" started-at="2026-05-29T23:57:30 IST" name="verifyNoteCreationWithEmptyTitle" finished-at="2026-05-29T23:57:33 IST" duration-ms="2795" status="SKIP">
          <exception class="org.openqa.selenium.ElementClickInterceptedException">
            <message>
              <![CDATA[element click intercepted: Element <button class="btn btn-primary mt-3 mt-lg-0" data-testid="add-new-note">...</button> is not clickable at point (1129, 32). Other element would receive the click: <a class="btn btn-sut d-lg-inline-block my-2 my-md-0 ms-md-3" href="https://istqb.expandtesting.com/">...</a>
  (Session info: chrome=148.0.7778.179)
Build info: version: '4.21.0', revision: '79ed462ef4'
System info: os.name: 'Windows 11', os.arch: 'amd64', os.version: '10.0', java.version: '21.0.10'
Driver info: org.openqa.selenium.chrome.ChromeDriver
Command: [d040837f31a2d6c040f3b56e0b4a9ae5, clickElement {id=f.9A1FCA21C2BD74C154D5F153C6E937C5.d.C2C6601A1E79B944F0A3DAF6EAB929BE.e.48}]
Capabilities {acceptInsecureCerts: false, browserName: chrome, browserVersion: 148.0.7778.179, chrome: {chromedriverVersion: 148.0.7778.178 (d096af1c9e9..., userDataDir: C:\Users\aditi\AppData\Loca...}, fedcm:accounts: true, goog:chromeOptions: {debuggerAddress: localhost:60908}, goog:processID: 8072, networkConnectionEnabled: false, pageLoadStrategy: normal, platformName: windows, proxy: Proxy(), se:cdp: ws://localhost:60908/devtoo..., se:cdpVersion: 148.0.7778.179, setWindowRect: true, strictFileInteractability: false, timeouts: {implicit: 0, pageLoad: 300000, script: 30000}, unhandledPromptBehavior: dismiss and notify, webauthn:extension:credBlob: true, webauthn:extension:largeBlob: true, webauthn:extension:minPinLength: true, webauthn:extension:prf: true, webauthn:virtualAuthenticators: true}
Element: [[ChromeDriver: chrome on windows (d040837f31a2d6c040f3b56e0b4a9ae5)] -> css selector: [data-testid='add-new-note']]
Session ID: d040837f31a2d6c040f3b56e0b4a9ae5]]>
            </message>
            <full-stacktrace>
              <![CDATA[org.openqa.selenium.ElementClickInterceptedException: element click intercepted: Element <button class="btn btn-primary mt-3 mt-lg-0" data-testid="add-new-note">...</button> is not clickable at point (1129, 32). Other element would receive the click: <a class="btn btn-sut d-lg-inline-block my-2 my-md-0 ms-md-3" href="https://istqb.expandtesting.com/">...</a>
  (Session info: chrome=148.0.7778.179)
Build info: version: '4.21.0', revision: '79ed462ef4'
System info: os.name: 'Windows 11', os.arch: 'amd64', os.version: '10.0', java.version: '21.0.10'
Driver info: org.openqa.selenium.chrome.ChromeDriver
Command: [d040837f31a2d6c040f3b56e0b4a9ae5, clickElement {id=f.9A1FCA21C2BD74C154D5F153C6E937C5.d.C2C6601A1E79B944F0A3DAF6EAB929BE.e.48}]
Capabilities {acceptInsecureCerts: false, browserName: chrome, browserVersion: 148.0.7778.179, chrome: {chromedriverVersion: 148.0.7778.178 (d096af1c9e9..., userDataDir: C:\Users\aditi\AppData\Loca...}, fedcm:accounts: true, goog:chromeOptions: {debuggerAddress: localhost:60908}, goog:processID: 8072, networkConnectionEnabled: false, pageLoadStrategy: normal, platformName: windows, proxy: Proxy(), se:cdp: ws://localhost:60908/devtoo..., se:cdpVersion: 148.0.7778.179, setWindowRect: true, strictFileInteractability: false, timeouts: {implicit: 0, pageLoad: 300000, script: 30000}, unhandledPromptBehavior: dismiss and notify, webauthn:extension:credBlob: true, webauthn:extension:largeBlob: true, webauthn:extension:minPinLength: true, webauthn:extension:prf: true, webauthn:virtualAuthenticators: true}
Element: [[ChromeDriver: chrome on windows (d040837f31a2d6c040f3b56e0b4a9ae5)] -> css selector: [data-testid='add-new-note']]
Session ID: d040837f31a2d6c040f3b56e0b4a9ae5
at java.base/jdk.internal.reflect.DirectConstructorHandleAccessor.newInstance(DirectConstructorHandleAccessor.java:62)
at java.base/java.lang.reflect.Constructor.newInstanceWithCaller(Constructor.java:502)
at java.base/java.lang.reflect.Constructor.newInstance(Constructor.java:486)
at org.openqa.selenium.remote.ErrorCodec.decode(ErrorCodec.java:167)
at org.openqa.selenium.remote.codec.w3c.W3CHttpResponseCodec.decode(W3CHttpResponseCodec.java:138)
at org.openqa.selenium.remote.codec.w3c.W3CHttpResponseCodec.decode(W3CHttpResponseCodec.java:50)
at org.openqa.selenium.remote.HttpCommandExecutor.execute(HttpCommandExecutor.java:190)
at org.openqa.selenium.remote.service.DriverCommandExecutor.invokeExecute(DriverCommandExecutor.java:216)
at org.openqa.selenium.remote.service.DriverCommandExecutor.execute(DriverCommandExecutor.java:174)
at org.openqa.selenium.remote.RemoteWebDriver.execute(RemoteWebDriver.java:518)
at org.openqa.selenium.remote.RemoteWebElement.execute(RemoteWebElement.java:223)
at org.openqa.selenium.remote.RemoteWebElement.click(RemoteWebElement.java:76)
at utils.SelfHealingDriver.click(SelfHealingDriver.java:47)
at pages.DashboardPage.clickAddNote(DashboardPage.java:40)
at tests.ui.NoteCreationTest.verifyNoteCreationWithEmptyTitle(NoteCreationTest.java:100)
at java.base/jdk.internal.reflect.DirectMethodHandleAccessor.invoke(DirectMethodHandleAccessor.java:103)
at java.base/java.lang.reflect.Method.invoke(Method.java:580)
at org.testng.internal.invokers.MethodInvocationHelper.invokeMethod(MethodInvocationHelper.java:141)
at org.testng.internal.invokers.TestInvoker.invokeMethod(TestInvoker.java:686)
at org.testng.internal.invokers.TestInvoker.retryFailed(TestInvoker.java:269)
at org.testng.internal.invokers.MethodRunner.runInSequence(MethodRunner.java:76)
at org.testng.internal.invokers.TestInvoker$MethodInvocationAgent.invoke(TestInvoker.java:992)
at org.testng.internal.invokers.TestInvoker.invokeTestMethods(TestInvoker.java:203)
at org.testng.internal.invokers.TestMethodWorker.invokeTestMethods(TestMethodWorker.java:154)
at org.testng.internal.invokers.TestMethodWorker.run(TestMethodWorker.java:134)
at java.base/java.util.ArrayList.forEach(ArrayList.java:1596)
at org.testng.TestRunner.privateRun(TestRunner.java:739)
at org.testng.TestRunner.run(TestRunner.java:614)
at org.testng.SuiteRunner.runTest(SuiteRunner.java:421)
at org.testng.SuiteRunner$SuiteWorker.run(SuiteRunner.java:463)
at org.testng.internal.thread.ThreadUtil.lambda$execute$0(ThreadUtil.java:64)
at java.base/java.util.concurrent.FutureTask.run(FutureTask.java:317)
at java.base/java.util.concurrent.ThreadPoolExecutor.runWorker(ThreadPoolExecutor.java:1144)
at java.base/java.util.concurrent.ThreadPoolExecutor$Worker.run(ThreadPoolExecutor.java:642)
at java.base/java.lang.Thread.run(Thread.java:1583)
]]>
            </full-stacktrace>
          </exception> <!-- org.openqa.selenium.ElementClickInterceptedException -->
          <reporter-output>
          </reporter-output>
        </test-method> <!-- verifyNoteCreationWithEmptyTitle -->
        <test-method is-config="true" signature="tearDown()[pri:0, instance:tests.ui.NoteCreationTest@60e5272]" started-at="2026-05-29T23:57:41 IST" name="tearDown" finished-at="2026-05-29T23:57:41 IST" duration-ms="227" status="PASS">
          <reporter-output>
          </reporter-output>
        </test-method> <!-- tearDown -->
        <test-method is-config="true" signature="setup()[pri:0, instance:tests.ui.NoteCreationTest@60e5272]" started-at="2026-05-29T23:57:41 IST" name="setup" finished-at="2026-05-29T23:57:47 IST" duration-ms="6098" status="PASS">
          <reporter-output>
          </reporter-output>
        </test-method> <!-- setup -->
        <test-method signature="verifyNoteCreationWithEmptyTitle()[pri:3, instance:tests.ui.NoteCreationTest@60e5272]" started-at="2026-05-29T23:57:47 IST" name="verifyNoteCreationWithEmptyTitle" finished-at="2026-05-29T23:58:01 IST" duration-ms="13895" status="PASS">
          <reporter-output>
          </reporter-output>
        </test-method> <!-- verifyNoteCreationWithEmptyTitle -->
        <test-method is-config="true" signature="tearDown()[pri:0, instance:tests.ui.NoteCreationTest@60e5272]" started-at="2026-05-29T23:58:01 IST" name="tearDown" finished-at="2026-05-29T23:58:01 IST" duration-ms="300" status="PASS">
          <reporter-output>
          </reporter-output>
        </test-method> <!-- tearDown -->
        <test-method is-config="true" signature="setup()[pri:0, instance:tests.ui.NoteCreationTest@60e5272]" started-at="2026-05-29T23:58:01 IST" name="setup" finished-at="2026-05-29T23:58:06 IST" duration-ms="4518" status="PASS">
          <reporter-output>
          </reporter-output>
        </test-method> <!-- setup -->
        <test-method retried="true" signature="verifyNoteCreationWithEmptyDescription()[pri:4, instance:tests.ui.NoteCreationTest@60e5272]" started-at="2026-05-29T23:58:06 IST" name="verifyNoteCreationWithEmptyDescription" finished-at="2026-05-29T23:58:09 IST" duration-ms="3164" status="SKIP">
          <exception class="org.openqa.selenium.ElementClickInterceptedException">
            <message>
              <![CDATA[element click intercepted: Element <button class="btn btn-primary mt-3 mt-lg-0" data-testid="add-new-note">...</button> is not clickable at point (1129, 58). Other element would receive the click: <div class="navbar-collapse collapse" id="main-navbar">...</div>
  (Session info: chrome=148.0.7778.179)
Build info: version: '4.21.0', revision: '79ed462ef4'
System info: os.name: 'Windows 11', os.arch: 'amd64', os.version: '10.0', java.version: '21.0.10'
Driver info: org.openqa.selenium.chrome.ChromeDriver
Command: [a60a5098a1e92faff246a01c26546ed8, clickElement {id=f.365D4D73B0B486BD2034B33388DFAFE3.d.49D7B403D0E5F62143295106BA099DEB.e.48}]
Capabilities {acceptInsecureCerts: false, browserName: chrome, browserVersion: 148.0.7778.179, chrome: {chromedriverVersion: 148.0.7778.178 (d096af1c9e9..., userDataDir: C:\Users\aditi\AppData\Loca...}, fedcm:accounts: true, goog:chromeOptions: {debuggerAddress: localhost:57481}, goog:processID: 6300, networkConnectionEnabled: false, pageLoadStrategy: normal, platformName: windows, proxy: Proxy(), se:cdp: ws://localhost:57481/devtoo..., se:cdpVersion: 148.0.7778.179, setWindowRect: true, strictFileInteractability: false, timeouts: {implicit: 0, pageLoad: 300000, script: 30000}, unhandledPromptBehavior: dismiss and notify, webauthn:extension:credBlob: true, webauthn:extension:largeBlob: true, webauthn:extension:minPinLength: true, webauthn:extension:prf: true, webauthn:virtualAuthenticators: true}
Element: [[ChromeDriver: chrome on windows (a60a5098a1e92faff246a01c26546ed8)] -> css selector: [data-testid='add-new-note']]
Session ID: a60a5098a1e92faff246a01c26546ed8]]>
            </message>
            <full-stacktrace>
              <![CDATA[org.openqa.selenium.ElementClickInterceptedException: element click intercepted: Element <button class="btn btn-primary mt-3 mt-lg-0" data-testid="add-new-note">...</button> is not clickable at point (1129, 58). Other element would receive the click: <div class="navbar-collapse collapse" id="main-navbar">...</div>
  (Session info: chrome=148.0.7778.179)
Build info: version: '4.21.0', revision: '79ed462ef4'
System info: os.name: 'Windows 11', os.arch: 'amd64', os.version: '10.0', java.version: '21.0.10'
Driver info: org.openqa.selenium.chrome.ChromeDriver
Command: [a60a5098a1e92faff246a01c26546ed8, clickElement {id=f.365D4D73B0B486BD2034B33388DFAFE3.d.49D7B403D0E5F62143295106BA099DEB.e.48}]
Capabilities {acceptInsecureCerts: false, browserName: chrome, browserVersion: 148.0.7778.179, chrome: {chromedriverVersion: 148.0.7778.178 (d096af1c9e9..., userDataDir: C:\Users\aditi\AppData\Loca...}, fedcm:accounts: true, goog:chromeOptions: {debuggerAddress: localhost:57481}, goog:processID: 6300, networkConnectionEnabled: false, pageLoadStrategy: normal, platformName: windows, proxy: Proxy(), se:cdp: ws://localhost:57481/devtoo..., se:cdpVersion: 148.0.7778.179, setWindowRect: true, strictFileInteractability: false, timeouts: {implicit: 0, pageLoad: 300000, script: 30000}, unhandledPromptBehavior: dismiss and notify, webauthn:extension:credBlob: true, webauthn:extension:largeBlob: true, webauthn:extension:minPinLength: true, webauthn:extension:prf: true, webauthn:virtualAuthenticators: true}
Element: [[ChromeDriver: chrome on windows (a60a5098a1e92faff246a01c26546ed8)] -> css selector: [data-testid='add-new-note']]
Session ID: a60a5098a1e92faff246a01c26546ed8
at java.base/jdk.internal.reflect.DirectConstructorHandleAccessor.newInstance(DirectConstructorHandleAccessor.java:62)
at java.base/java.lang.reflect.Constructor.newInstanceWithCaller(Constructor.java:502)
at java.base/java.lang.reflect.Constructor.newInstance(Constructor.java:486)
at org.openqa.selenium.remote.ErrorCodec.decode(ErrorCodec.java:167)
at org.openqa.selenium.remote.codec.w3c.W3CHttpResponseCodec.decode(W3CHttpResponseCodec.java:138)
at org.openqa.selenium.remote.codec.w3c.W3CHttpResponseCodec.decode(W3CHttpResponseCodec.java:50)
at org.openqa.selenium.remote.HttpCommandExecutor.execute(HttpCommandExecutor.java:190)
at org.openqa.selenium.remote.service.DriverCommandExecutor.invokeExecute(DriverCommandExecutor.java:216)
at org.openqa.selenium.remote.service.DriverCommandExecutor.execute(DriverCommandExecutor.java:174)
at org.openqa.selenium.remote.RemoteWebDriver.execute(RemoteWebDriver.java:518)
at org.openqa.selenium.remote.RemoteWebElement.execute(RemoteWebElement.java:223)
at org.openqa.selenium.remote.RemoteWebElement.click(RemoteWebElement.java:76)
at utils.SelfHealingDriver.click(SelfHealingDriver.java:47)
at pages.DashboardPage.clickAddNote(DashboardPage.java:40)
at tests.ui.NoteCreationTest.verifyNoteCreationWithEmptyDescription(NoteCreationTest.java:132)
at java.base/jdk.internal.reflect.DirectMethodHandleAccessor.invoke(DirectMethodHandleAccessor.java:103)
at java.base/java.lang.reflect.Method.invoke(Method.java:580)
at org.testng.internal.invokers.MethodInvocationHelper.invokeMethod(MethodInvocationHelper.java:141)
at org.testng.internal.invokers.TestInvoker.invokeMethod(TestInvoker.java:686)
at org.testng.internal.invokers.TestInvoker.invokeTestMethod(TestInvoker.java:230)
at org.testng.internal.invokers.MethodRunner.runInSequence(MethodRunner.java:63)
at org.testng.internal.invokers.TestInvoker$MethodInvocationAgent.invoke(TestInvoker.java:992)
at org.testng.internal.invokers.TestInvoker.invokeTestMethods(TestInvoker.java:203)
at org.testng.internal.invokers.TestMethodWorker.invokeTestMethods(TestMethodWorker.java:154)
at org.testng.internal.invokers.TestMethodWorker.run(TestMethodWorker.java:134)
at java.base/java.util.ArrayList.forEach(ArrayList.java:1596)
at org.testng.TestRunner.privateRun(TestRunner.java:739)
at org.testng.TestRunner.run(TestRunner.java:614)
at org.testng.SuiteRunner.runTest(SuiteRunner.java:421)
at org.testng.SuiteRunner$SuiteWorker.run(SuiteRunner.java:463)
at org.testng.internal.thread.ThreadUtil.lambda$execute$0(ThreadUtil.java:64)
at java.base/java.util.concurrent.FutureTask.run(FutureTask.java:317)
at java.base/java.util.concurrent.ThreadPoolExecutor.runWorker(ThreadPoolExecutor.java:1144)
at java.base/java.util.concurrent.ThreadPoolExecutor$Worker.run(ThreadPoolExecutor.java:642)
at java.base/java.lang.Thread.run(Thread.java:1583)
]]>
            </full-stacktrace>
          </exception> <!-- org.openqa.selenium.ElementClickInterceptedException -->
          <reporter-output>
          </reporter-output>
        </test-method> <!-- verifyNoteCreationWithEmptyDescription -->
        <test-method is-config="true" signature="tearDown()[pri:0, instance:tests.ui.NoteCreationTest@60e5272]" started-at="2026-05-29T23:58:16 IST" name="tearDown" finished-at="2026-05-29T23:58:16 IST" duration-ms="202" status="PASS">
          <reporter-output>
          </reporter-output>
        </test-method> <!-- tearDown -->
        <test-method is-config="true" signature="setup()[pri:0, instance:tests.ui.NoteCreationTest@60e5272]" started-at="2026-05-29T23:58:16 IST" name="setup" finished-at="2026-05-29T23:58:21 IST" duration-ms="5446" status="PASS">
          <reporter-output>
          </reporter-output>
        </test-method> <!-- setup -->
        <test-method signature="verifyNoteCreationWithEmptyDescription()[pri:4, instance:tests.ui.NoteCreationTest@60e5272]" started-at="2026-05-29T23:58:21 IST" name="verifyNoteCreationWithEmptyDescription" finished-at="2026-05-29T23:58:46 IST" duration-ms="24464" status="PASS">
          <reporter-output>
          </reporter-output>
        </test-method> <!-- verifyNoteCreationWithEmptyDescription -->
        <test-method is-config="true" signature="tearDown()[pri:0, instance:tests.ui.NoteCreationTest@60e5272]" started-at="2026-05-29T23:58:46 IST" name="tearDown" finished-at="2026-05-29T23:58:46 IST" duration-ms="230" status="PASS">
          <reporter-output>
          </reporter-output>
        </test-method> <!-- tearDown -->
        <test-method is-config="true" signature="setup()[pri:0, instance:tests.ui.NoteCreationTest@60e5272]" started-at="2026-05-29T23:58:46 IST" name="setup" finished-at="2026-05-29T23:58:50 IST" duration-ms="4445" status="PASS">
          <reporter-output>
          </reporter-output>
        </test-method> <!-- setup -->
        <test-method signature="verifyNoteAppearsAfterCreation()[pri:5, instance:tests.ui.NoteCreationTest@60e5272]" started-at="2026-05-29T23:58:50 IST" name="verifyNoteAppearsAfterCreation" finished-at="2026-05-29T23:58:53 IST" duration-ms="2970" status="PASS">
          <reporter-output>
          </reporter-output>
        </test-method> <!-- verifyNoteAppearsAfterCreation -->
        <test-method is-config="true" signature="tearDown()[pri:0, instance:tests.ui.NoteCreationTest@60e5272]" started-at="2026-05-29T23:58:53 IST" name="tearDown" finished-at="2026-05-29T23:58:54 IST" duration-ms="297" status="PASS">
          <reporter-output>
          </reporter-output>
        </test-method> <!-- tearDown -->
      </class> <!-- tests.ui.NoteCreationTest -->
    </test> <!-- UI - Note Creation Tests -->
    <test started-at="2026-05-29T23:58:05 IST" name="E2E - Hybrid Tests" finished-at="2026-05-29T23:59:50 IST" duration-ms="105209">
      <class name="tests.e2e.Hybridtest">
        <test-method is-config="true" signature="getApiToken()[pri:0, instance:tests.e2e.Hybridtest@29c5ee1d]" started-at="2026-05-29T23:58:05 IST" name="getApiToken" finished-at="2026-05-29T23:58:05 IST" duration-ms="647" status="PASS">
          <reporter-output>
          </reporter-output>
        </test-method> <!-- getApiToken -->
        <test-method is-config="true" signature="setup()[pri:0, instance:tests.e2e.Hybridtest@29c5ee1d]" started-at="2026-05-29T23:58:05 IST" name="setup" finished-at="2026-05-29T23:58:11 IST" duration-ms="5259" status="PASS">
          <reporter-output>
          </reporter-output>
        </test-method> <!-- setup -->
        <test-method signature="verifyUICreatedNoteAppearsInAPI()[pri:1, instance:tests.e2e.Hybridtest@29c5ee1d]" started-at="2026-05-29T23:58:11 IST" name="verifyUICreatedNoteAppearsInAPI" finished-at="2026-05-29T23:58:39 IST" duration-ms="28677" status="PASS">
          <reporter-output>
          </reporter-output>
        </test-method> <!-- verifyUICreatedNoteAppearsInAPI -->
        <test-method is-config="true" signature="tearDown()[pri:0, instance:tests.e2e.Hybridtest@29c5ee1d]" started-at="2026-05-29T23:58:39 IST" name="tearDown" finished-at="2026-05-29T23:58:40 IST" duration-ms="255" status="PASS">
          <reporter-output>
          </reporter-output>
        </test-method> <!-- tearDown -->
        <test-method is-config="true" signature="setup()[pri:0, instance:tests.e2e.Hybridtest@29c5ee1d]" started-at="2026-05-29T23:58:40 IST" name="setup" finished-at="2026-05-29T23:58:47 IST" duration-ms="6936" status="PASS">
          <reporter-output>
          </reporter-output>
        </test-method> <!-- setup -->
        <test-method signature="verifyUIAndAPIDetailsMatch()[pri:2, instance:tests.e2e.Hybridtest@29c5ee1d]" started-at="2026-05-29T23:58:47 IST" name="verifyUIAndAPIDetailsMatch" finished-at="2026-05-29T23:59:00 IST" duration-ms="13011" status="PASS">
          <reporter-output>
          </reporter-output>
        </test-method> <!-- verifyUIAndAPIDetailsMatch -->
        <test-method is-config="true" signature="tearDown()[pri:0, instance:tests.e2e.Hybridtest@29c5ee1d]" started-at="2026-05-29T23:59:00 IST" name="tearDown" finished-at="2026-05-29T23:59:00 IST" duration-ms="283" status="PASS">
          <reporter-output>
          </reporter-output>
        </test-method> <!-- tearDown -->
        <test-method is-config="true" signature="setup()[pri:0, instance:tests.e2e.Hybridtest@29c5ee1d]" started-at="2026-05-29T23:59:00 IST" name="setup" finished-at="2026-05-29T23:59:04 IST" duration-ms="4319" status="PASS">
          <reporter-output>
          </reporter-output>
        </test-method> <!-- setup -->
        <test-method signature="verifyAPIDeletedNoteDisappearsFromUI()[pri:3, instance:tests.e2e.Hybridtest@29c5ee1d]" started-at="2026-05-29T23:59:04 IST" name="verifyAPIDeletedNoteDisappearsFromUI" finished-at="2026-05-29T23:59:20 IST" duration-ms="16261" status="PASS">
          <reporter-output>
          </reporter-output>
        </test-method> <!-- verifyAPIDeletedNoteDisappearsFromUI -->
        <test-method is-config="true" signature="tearDown()[pri:0, instance:tests.e2e.Hybridtest@29c5ee1d]" started-at="2026-05-29T23:59:20 IST" name="tearDown" finished-at="2026-05-29T23:59:21 IST" duration-ms="350" status="PASS">
          <reporter-output>
          </reporter-output>
        </test-method> <!-- tearDown -->
        <test-method is-config="true" signature="setup()[pri:0, instance:tests.e2e.Hybridtest@29c5ee1d]" started-at="2026-05-29T23:59:21 IST" name="setup" finished-at="2026-05-29T23:59:25 IST" duration-ms="4672" status="PASS">
          <reporter-output>
          </reporter-output>
        </test-method> <!-- setup -->
        <test-method signature="verifyDeletedNoteCannotBeAccessed()[pri:4, instance:tests.e2e.Hybridtest@29c5ee1d]" started-at="2026-05-29T23:59:25 IST" name="verifyDeletedNoteCannotBeAccessed" finished-at="2026-05-29T23:59:50 IST" duration-ms="24252" status="PASS">
          <reporter-output>
          </reporter-output>
        </test-method> <!-- verifyDeletedNoteCannotBeAccessed -->
        <test-method is-config="true" signature="tearDown()[pri:0, instance:tests.e2e.Hybridtest@29c5ee1d]" started-at="2026-05-29T23:59:50 IST" name="tearDown" finished-at="2026-05-29T23:59:50 IST" duration-ms="266" status="PASS">
          <reporter-output>
          </reporter-output>
        </test-method> <!-- tearDown -->
      </class> <!-- tests.e2e.Hybridtest -->
    </test> <!-- E2E - Hybrid Tests -->
  </suite> <!-- Notes Automation Suite -->
</testng-results>
