<?xml version="1.0" encoding="UTF-8"?>
<!-- Generated by org.testng.reporters.JUnitReportReporter -->
<testsuite hostname="LAPTOP-3G1IFM13" failures="0" tests="9" name="tests.ui.NoteCreationTest" time="144.556" errors="0" timestamp="2026-05-29T23:59:50 IST" skipped="4">
  <testcase classname="tests.ui.NoteCreationTest" name="verifySuccessfulNoteCreation" time="34.173"/>
  <testcase classname="tests.ui.NoteCreationTest" name="verifyNoteCreationWithSpecialCharacters" time="7.382">
    <skipped/>
  </testcase> <!-- verifyNoteCreationWithSpecialCharacters -->
  <testcase classname="tests.ui.NoteCreationTest" name="verifyNoteCreationWithSpecialCharacters" time="21.948"/>
  <testcase classname="tests.ui.NoteCreationTest" name="verifyNoteCreationWithEmptyTitle" time="7.801">
    <skipped/>
  </testcase> <!-- verifyNoteCreationWithEmptyTitle -->
  <testcase classname="tests.ui.NoteCreationTest" name="verifyNoteCreationWithEmptyTitle" time="18.550"/>
  <testcase classname="tests.ui.NoteCreationTest" name="verifyNoteCreationWithEmptyTitle" time="7.303">
    <skipped/>
  </testcase> <!-- verifyNoteCreationWithEmptyTitle -->
  <testcase classname="tests.ui.NoteCreationTest" name="verifyNoteCreationWithEmptyDescription" time="7.894">
    <skipped/>
  </testcase> <!-- verifyNoteCreationWithEmptyDescription -->
  <testcase classname="tests.ui.NoteCreationTest" name="verifyNoteCreationWithEmptyDescription" time="30.862"/>
  <testcase classname="tests.ui.NoteCreationTest" name="verifyNoteAppearsAfterCreation" time="8.643"/>
</testsuite> <!-- tests.ui.NoteCreationTest -->
