<?xml version="1.0" encoding="UTF-8"?>
<!-- Generated by org.testng.reporters.JUnitReportReporter -->
<testsuite hostname="LAPTOP-3G1IFM13" failures="0" tests="4" name="tests.e2e.Hybridtest" time="104.541" errors="0" timestamp="2026-05-29T23:59:50 IST" skipped="0">
  <testcase classname="tests.e2e.Hybridtest" name="verifyUICreatedNoteAppearsInAPI" time="35.879"/>
  <testcase classname="tests.e2e.Hybridtest" name="verifyUIAndAPIDetailsMatch" time="17.938"/>
  <testcase classname="tests.e2e.Hybridtest" name="verifyAPIDeletedNoteDisappearsFromUI" time="21.803"/>
  <testcase classname="tests.e2e.Hybridtest" name="verifyDeletedNoteCannotBeAccessed" time="28.921"/>
</testsuite> <!-- tests.e2e.Hybridtest -->
