<?xml version="1.0" encoding="UTF-8"?>
<!-- Generated by org.testng.reporters.JUnitReportReporter -->
<testsuite hostname="LAPTOP-3G1IFM13" failures="0" tests="7" name="tests.ui.NoteCreationTest" time="223.130" errors="0" timestamp="2026-05-29T23:00:54 IST" skipped="2">
  <testcase classname="tests.ui.NoteCreationTest" name="verifySuccessfulNoteCreation" time="49.662"/>
  <testcase classname="tests.ui.NoteCreationTest" name="verifyNoteCreationWithSpecialCharacters" time="62.148"/>
  <testcase classname="tests.ui.NoteCreationTest" name="verifyNoteCreationWithEmptyTitle" time="21.726"/>
  <testcase classname="tests.ui.NoteCreationTest" name="verifyNoteCreationWithEmptyDescription" time="61.198"/>
  <testcase classname="tests.ui.NoteCreationTest" name="verifyNoteAppearsAfterCreation" time="8.351">
    <skipped/>
  </testcase> <!-- verifyNoteAppearsAfterCreation -->
  <testcase classname="tests.ui.NoteCreationTest" name="verifyNoteAppearsAfterCreation" time="10.684"/>
  <testcase classname="tests.ui.NoteCreationTest" name="verifyNoteAppearsAfterCreation" time="9.361">
    <skipped/>
  </testcase> <!-- verifyNoteAppearsAfterCreation -->
</testsuite> <!-- tests.ui.NoteCreationTest -->
