<?xml version="1.0" encoding="UTF-8"?>
<!-- Generated by org.testng.reporters.JUnitReportReporter -->
<testsuite hostname="LAPTOP-3G1IFM13" failures="0" tests="4" name="tests.ui.LoginTest" time="22.190" errors="0" timestamp="2026-05-29T23:59:50 IST" skipped="0">
  <testcase classname="tests.ui.LoginTest" name="verifyLoginFunctionality" time="6.360"/>
  <testcase classname="tests.ui.LoginTest" name="verifyLoginFunctionality" time="5.106"/>
  <testcase classname="tests.ui.LoginTest" name="verifyLoginFunctionality" time="5.590"/>
  <testcase classname="tests.ui.LoginTest" name="verifyLoginFunctionality" time="5.134"/>
</testsuite> <!-- tests.ui.LoginTest -->
