<?xml version="1.0" encoding="UTF-8"?>
<!-- Generated by org.testng.reporters.JUnitReportReporter -->
<testsuite hostname="LAPTOP-3G1IFM13" failures="0" tests="7" name="tests.api.ApiTest" time="9.641" errors="0" timestamp="2026-05-29T23:00:54 IST" skipped="0">
  <testcase classname="tests.api.ApiTest" name="verifyGetNotesReturnsNotesList" time="0.756"/>
  <testcase classname="tests.api.ApiTest" name="verifyGetNotesResponseStructure" time="1.282"/>
  <testcase classname="tests.api.ApiTest" name="verifySuccessfulNoteDeletion" time="1.360"/>
  <testcase classname="tests.api.ApiTest" name="verifyDeletionOfNonExistingNote" time="0.607"/>
  <testcase classname="tests.api.ApiTest" name="verifyGetNotesResponseTime" time="0.917"/>
  <testcase classname="tests.api.ApiTest" name="verifyApiStabilityForMultipleRequests" time="3.934"/>
  <testcase classname="tests.api.ApiTest" name="verifyApiWithInvalidToken" time="0.785"/>
</testsuite> <!-- tests.api.ApiTest -->
