<?xml version="1.0" encoding="UTF-8"?>
<!-- Generated by org.testng.reporters.JUnitReportReporter -->
<testsuite hostname="LAPTOP-3G1IFM13" failures="0" tests="4" name="tests.e2e.Hybridtest" time="89.805" errors="0" timestamp="2026-05-29T23:00:54 IST" skipped="0">
  <testcase classname="tests.e2e.Hybridtest" name="verifyUICreatedNoteAppearsInAPI" time="36.801"/>
  <testcase classname="tests.e2e.Hybridtest" name="verifyUIAndAPIDetailsMatch" time="18.828"/>
  <testcase classname="tests.e2e.Hybridtest" name="verifyAPIDeletedNoteDisappearsFromUI" time="23.321"/>
  <testcase classname="tests.e2e.Hybridtest" name="verifyDeletedNoteCannotBeAccessed" time="10.855"/>
</testsuite> <!-- tests.e2e.Hybridtest -->
