<?xml version="1.0" encoding="UTF-8"?>
<!-- Generated by org.testng.reporters.JUnitReportReporter -->
<testsuite hostname="LAPTOP-3G1IFM13" failures="0" tests="7" name="tests.api.ApiTest" time="8.742" errors="0" timestamp="2026-05-29T23:59:50 IST" skipped="0">
  <testcase classname="tests.api.ApiTest" name="verifyGetNotesReturnsNotesList" time="1.200"/>
  <testcase classname="tests.api.ApiTest" name="verifyGetNotesResponseStructure" time="1.247"/>
  <testcase classname="tests.api.ApiTest" name="verifySuccessfulNoteDeletion" time="1.611"/>
  <testcase classname="tests.api.ApiTest" name="verifyDeletionOfNonExistingNote" time="0.471"/>
  <testcase classname="tests.api.ApiTest" name="verifyGetNotesResponseTime" time="0.486"/>
  <testcase classname="tests.api.ApiTest" name="verifyApiStabilityForMultipleRequests" time="3.170"/>
  <testcase classname="tests.api.ApiTest" name="verifyApiWithInvalidToken" time="0.557"/>
</testsuite> <!-- tests.api.ApiTest -->
