<?xml version="1.0" encoding="UTF-8"?>
<!-- Generated by org.testng.reporters.JUnitReportReporter -->
<testsuite hostname="LAPTOP-3G1IFM13" failures="0" tests="4" name="tests.ui.LoginTest" time="57.651" errors="0" timestamp="2026-05-29T23:00:54 IST" skipped="0">
  <testcase classname="tests.ui.LoginTest" name="verifyLoginFunctionality" time="11.797"/>
  <testcase classname="tests.ui.LoginTest" name="verifyLoginFunctionality" time="10.170"/>
  <testcase classname="tests.ui.LoginTest" name="verifyLoginFunctionality" time="19.214"/>
  <testcase classname="tests.ui.LoginTest" name="verifyLoginFunctionality" time="16.470"/>
</testsuite> <!-- tests.ui.LoginTest -->
